CRITICAL - 2023-10-29 01:38:55 --> Undefined array key 0
in APPPATH/Helpers/custom_helper.php on line 5.
 1 APPPATH/Helpers/custom_helper.php(5): CodeIgniter\Debug\Exceptions->errorHandler()
 2 APPPATH/Controllers/LoginController.php(51): isLogged()
 3 SYSTEMPATH/CodeIgniter.php(919): App\Controllers\LoginController->logindata()
 4 SYSTEMPATH/CodeIgniter.php(494): CodeIgniter\CodeIgniter->runController()
 5 SYSTEMPATH/CodeIgniter.php(353): CodeIgniter\CodeIgniter->handleRequest()
 6 FCPATH/index.php(79): CodeIgniter\CodeIgniter->run()
CRITICAL - 2023-10-29 01:39:17 --> Undefined array key "id"
in APPPATH/Helpers/custom_helper.php on line 9.
 1 APPPATH/Helpers/custom_helper.php(9): CodeIgniter\Debug\Exceptions->errorHandler()
 2 APPPATH/Controllers/LoginController.php(51): isLogged()
 3 SYSTEMPATH/CodeIgniter.php(919): App\Controllers\LoginController->logindata()
 4 SYSTEMPATH/CodeIgniter.php(494): CodeIgniter\CodeIgniter->runController()
 5 SYSTEMPATH/CodeIgniter.php(353): CodeIgniter\CodeIgniter->handleRequest()
 6 FCPATH/index.php(79): CodeIgniter\CodeIgniter->run()
CRITICAL - 2023-10-29 01:40:51 --> Undefined array key "id"
in APPPATH/Helpers/custom_helper.php on line 9.
 1 APPPATH/Helpers/custom_helper.php(9): CodeIgniter\Debug\Exceptions->errorHandler()
 2 APPPATH/Controllers/LoginController.php(51): isLogged()
 3 SYSTEMPATH/CodeIgniter.php(919): App\Controllers\LoginController->logindata()
 4 SYSTEMPATH/CodeIgniter.php(494): CodeIgniter\CodeIgniter->runController()
 5 SYSTEMPATH/CodeIgniter.php(353): CodeIgniter\CodeIgniter->handleRequest()
 6 FCPATH/index.php(79): CodeIgniter\CodeIgniter->run()
CRITICAL - 2023-10-29 01:42:37 --> Undefined array key "id"
in APPPATH/Helpers/custom_helper.php on line 9.
 1 APPPATH/Helpers/custom_helper.php(9): CodeIgniter\Debug\Exceptions->errorHandler()
 2 APPPATH/Controllers/LoginController.php(51): isLogged()
 3 SYSTEMPATH/CodeIgniter.php(919): App\Controllers\LoginController->logindata()
 4 SYSTEMPATH/CodeIgniter.php(494): CodeIgniter\CodeIgniter->runController()
 5 SYSTEMPATH/CodeIgniter.php(353): CodeIgniter\CodeIgniter->handleRequest()
 6 FCPATH/index.php(79): CodeIgniter\CodeIgniter->run()
ERROR - 2023-10-29 01:51:12 --> mysqli_sql_exception: Not unique table/alias: 'roles' in /var/www/html/vegatask/system/Database/MySQLi/Connection.php:306
Stack trace:
#0 /var/www/html/vegatask/system/Database/MySQLi/Connection.php(306): mysqli->query()
#1 /var/www/html/vegatask/system/Database/BaseConnection.php(692): CodeIgniter\Database\MySQLi\Connection->execute()
#2 /var/www/html/vegatask/system/Database/BaseConnection.php(606): CodeIgniter\Database\BaseConnection->simpleQuery()
#3 /var/www/html/vegatask/system/Database/BaseBuilder.php(1615): CodeIgniter\Database\BaseConnection->query()
#4 /var/www/html/vegatask/system/Model.php(237): CodeIgniter\Database\BaseBuilder->get()
#5 /var/www/html/vegatask/system/BaseModel.php(624): CodeIgniter\Model->doFindAll()
#6 /var/www/html/vegatask/app/Controllers/Home.php(18): CodeIgniter\BaseModel->findAll()
#7 /var/www/html/vegatask/system/CodeIgniter.php(919): App\Controllers\Home->index()
#8 /var/www/html/vegatask/system/CodeIgniter.php(494): CodeIgniter\CodeIgniter->runController()
#9 /var/www/html/vegatask/system/CodeIgniter.php(353): CodeIgniter\CodeIgniter->handleRequest()
#10 /var/www/html/vegatask/public/index.php(79): CodeIgniter\CodeIgniter->run()
#11 {main}
CRITICAL - 2023-10-29 01:51:12 --> Not unique table/alias: 'roles'
in SYSTEMPATH/Database/BaseConnection.php on line 646.
 1 SYSTEMPATH/Database/BaseBuilder.php(1615): CodeIgniter\Database\BaseConnection->query()
 2 SYSTEMPATH/Model.php(237): CodeIgniter\Database\BaseBuilder->get()
 3 SYSTEMPATH/BaseModel.php(624): CodeIgniter\Model->doFindAll()
 4 APPPATH/Controllers/Home.php(18): CodeIgniter\BaseModel->findAll()
 5 SYSTEMPATH/CodeIgniter.php(919): App\Controllers\Home->index()
 6 SYSTEMPATH/CodeIgniter.php(494): CodeIgniter\CodeIgniter->runController()
 7 SYSTEMPATH/CodeIgniter.php(353): CodeIgniter\CodeIgniter->handleRequest()
 8 FCPATH/index.php(79): CodeIgniter\CodeIgniter->run()
ERROR - 2023-10-29 01:51:31 --> mysqli_sql_exception: Unknown column 'permission.section_id' in 'field list' in /var/www/html/vegatask/system/Database/MySQLi/Connection.php:306
Stack trace:
#0 /var/www/html/vegatask/system/Database/MySQLi/Connection.php(306): mysqli->query()
#1 /var/www/html/vegatask/system/Database/BaseConnection.php(692): CodeIgniter\Database\MySQLi\Connection->execute()
#2 /var/www/html/vegatask/system/Database/BaseConnection.php(606): CodeIgniter\Database\BaseConnection->simpleQuery()
#3 /var/www/html/vegatask/system/Database/BaseBuilder.php(1615): CodeIgniter\Database\BaseConnection->query()
#4 /var/www/html/vegatask/system/Model.php(237): CodeIgniter\Database\BaseBuilder->get()
#5 /var/www/html/vegatask/system/BaseModel.php(624): CodeIgniter\Model->doFindAll()
#6 /var/www/html/vegatask/app/Controllers/Home.php(18): CodeIgniter\BaseModel->findAll()
#7 /var/www/html/vegatask/system/CodeIgniter.php(919): App\Controllers\Home->index()
#8 /var/www/html/vegatask/system/CodeIgniter.php(494): CodeIgniter\CodeIgniter->runController()
#9 /var/www/html/vegatask/system/CodeIgniter.php(353): CodeIgniter\CodeIgniter->handleRequest()
#10 /var/www/html/vegatask/public/index.php(79): CodeIgniter\CodeIgniter->run()
#11 {main}
CRITICAL - 2023-10-29 01:51:31 --> Unknown column 'permission.section_id' in 'field list'
in SYSTEMPATH/Database/BaseConnection.php on line 646.
 1 SYSTEMPATH/Database/BaseBuilder.php(1615): CodeIgniter\Database\BaseConnection->query()
 2 SYSTEMPATH/Model.php(237): CodeIgniter\Database\BaseBuilder->get()
 3 SYSTEMPATH/BaseModel.php(624): CodeIgniter\Model->doFindAll()
 4 APPPATH/Controllers/Home.php(18): CodeIgniter\BaseModel->findAll()
 5 SYSTEMPATH/CodeIgniter.php(919): App\Controllers\Home->index()
 6 SYSTEMPATH/CodeIgniter.php(494): CodeIgniter\CodeIgniter->runController()
 7 SYSTEMPATH/CodeIgniter.php(353): CodeIgniter\CodeIgniter->handleRequest()
 8 FCPATH/index.php(79): CodeIgniter\CodeIgniter->run()
ERROR - 2023-10-29 01:52:42 --> mysqli_sql_exception: Unknown column 'permission.section_id' in 'field list' in /var/www/html/vegatask/system/Database/MySQLi/Connection.php:306
Stack trace:
#0 /var/www/html/vegatask/system/Database/MySQLi/Connection.php(306): mysqli->query()
#1 /var/www/html/vegatask/system/Database/BaseConnection.php(692): CodeIgniter\Database\MySQLi\Connection->execute()
#2 /var/www/html/vegatask/system/Database/BaseConnection.php(606): CodeIgniter\Database\BaseConnection->simpleQuery()
#3 /var/www/html/vegatask/system/Database/BaseBuilder.php(1615): CodeIgniter\Database\BaseConnection->query()
#4 /var/www/html/vegatask/system/Model.php(237): CodeIgniter\Database\BaseBuilder->get()
#5 /var/www/html/vegatask/system/BaseModel.php(624): CodeIgniter\Model->doFindAll()
#6 /var/www/html/vegatask/app/Controllers/Home.php(18): CodeIgniter\BaseModel->findAll()
#7 /var/www/html/vegatask/system/CodeIgniter.php(919): App\Controllers\Home->index()
#8 /var/www/html/vegatask/system/CodeIgniter.php(494): CodeIgniter\CodeIgniter->runController()
#9 /var/www/html/vegatask/system/CodeIgniter.php(353): CodeIgniter\CodeIgniter->handleRequest()
#10 /var/www/html/vegatask/public/index.php(79): CodeIgniter\CodeIgniter->run()
#11 {main}
CRITICAL - 2023-10-29 01:52:42 --> Unknown column 'permission.section_id' in 'field list'
in SYSTEMPATH/Database/BaseConnection.php on line 646.
 1 SYSTEMPATH/Database/BaseBuilder.php(1615): CodeIgniter\Database\BaseConnection->query()
 2 SYSTEMPATH/Model.php(237): CodeIgniter\Database\BaseBuilder->get()
 3 SYSTEMPATH/BaseModel.php(624): CodeIgniter\Model->doFindAll()
 4 APPPATH/Controllers/Home.php(18): CodeIgniter\BaseModel->findAll()
 5 SYSTEMPATH/CodeIgniter.php(919): App\Controllers\Home->index()
 6 SYSTEMPATH/CodeIgniter.php(494): CodeIgniter\CodeIgniter->runController()
 7 SYSTEMPATH/CodeIgniter.php(353): CodeIgniter\CodeIgniter->handleRequest()
 8 FCPATH/index.php(79): CodeIgniter\CodeIgniter->run()
ERROR - 2023-10-29 01:52:43 --> mysqli_sql_exception: Unknown column 'permission.section_id' in 'field list' in /var/www/html/vegatask/system/Database/MySQLi/Connection.php:306
Stack trace:
#0 /var/www/html/vegatask/system/Database/MySQLi/Connection.php(306): mysqli->query()
#1 /var/www/html/vegatask/system/Database/BaseConnection.php(692): CodeIgniter\Database\MySQLi\Connection->execute()
#2 /var/www/html/vegatask/system/Database/BaseConnection.php(606): CodeIgniter\Database\BaseConnection->simpleQuery()
#3 /var/www/html/vegatask/system/Database/BaseBuilder.php(1615): CodeIgniter\Database\BaseConnection->query()
#4 /var/www/html/vegatask/system/Model.php(237): CodeIgniter\Database\BaseBuilder->get()
#5 /var/www/html/vegatask/system/BaseModel.php(624): CodeIgniter\Model->doFindAll()
#6 /var/www/html/vegatask/app/Controllers/Home.php(18): CodeIgniter\BaseModel->findAll()
#7 /var/www/html/vegatask/system/CodeIgniter.php(919): App\Controllers\Home->index()
#8 /var/www/html/vegatask/system/CodeIgniter.php(494): CodeIgniter\CodeIgniter->runController()
#9 /var/www/html/vegatask/system/CodeIgniter.php(353): CodeIgniter\CodeIgniter->handleRequest()
#10 /var/www/html/vegatask/public/index.php(79): CodeIgniter\CodeIgniter->run()
#11 {main}
CRITICAL - 2023-10-29 01:52:43 --> Unknown column 'permission.section_id' in 'field list'
in SYSTEMPATH/Database/BaseConnection.php on line 646.
 1 SYSTEMPATH/Database/BaseBuilder.php(1615): CodeIgniter\Database\BaseConnection->query()
 2 SYSTEMPATH/Model.php(237): CodeIgniter\Database\BaseBuilder->get()
 3 SYSTEMPATH/BaseModel.php(624): CodeIgniter\Model->doFindAll()
 4 APPPATH/Controllers/Home.php(18): CodeIgniter\BaseModel->findAll()
 5 SYSTEMPATH/CodeIgniter.php(919): App\Controllers\Home->index()
 6 SYSTEMPATH/CodeIgniter.php(494): CodeIgniter\CodeIgniter->runController()
 7 SYSTEMPATH/CodeIgniter.php(353): CodeIgniter\CodeIgniter->handleRequest()
 8 FCPATH/index.php(79): CodeIgniter\CodeIgniter->run()
ERROR - 2023-10-29 01:52:43 --> mysqli_sql_exception: Unknown column 'permission.section_id' in 'field list' in /var/www/html/vegatask/system/Database/MySQLi/Connection.php:306
Stack trace:
#0 /var/www/html/vegatask/system/Database/MySQLi/Connection.php(306): mysqli->query()
#1 /var/www/html/vegatask/system/Database/BaseConnection.php(692): CodeIgniter\Database\MySQLi\Connection->execute()
#2 /var/www/html/vegatask/system/Database/BaseConnection.php(606): CodeIgniter\Database\BaseConnection->simpleQuery()
#3 /var/www/html/vegatask/system/Database/BaseBuilder.php(1615): CodeIgniter\Database\BaseConnection->query()
#4 /var/www/html/vegatask/system/Model.php(237): CodeIgniter\Database\BaseBuilder->get()
#5 /var/www/html/vegatask/system/BaseModel.php(624): CodeIgniter\Model->doFindAll()
#6 /var/www/html/vegatask/app/Controllers/Home.php(18): CodeIgniter\BaseModel->findAll()
#7 /var/www/html/vegatask/system/CodeIgniter.php(919): App\Controllers\Home->index()
#8 /var/www/html/vegatask/system/CodeIgniter.php(494): CodeIgniter\CodeIgniter->runController()
#9 /var/www/html/vegatask/system/CodeIgniter.php(353): CodeIgniter\CodeIgniter->handleRequest()
#10 /var/www/html/vegatask/public/index.php(79): CodeIgniter\CodeIgniter->run()
#11 {main}
CRITICAL - 2023-10-29 01:52:43 --> Unknown column 'permission.section_id' in 'field list'
in SYSTEMPATH/Database/BaseConnection.php on line 646.
 1 SYSTEMPATH/Database/BaseBuilder.php(1615): CodeIgniter\Database\BaseConnection->query()
 2 SYSTEMPATH/Model.php(237): CodeIgniter\Database\BaseBuilder->get()
 3 SYSTEMPATH/BaseModel.php(624): CodeIgniter\Model->doFindAll()
 4 APPPATH/Controllers/Home.php(18): CodeIgniter\BaseModel->findAll()
 5 SYSTEMPATH/CodeIgniter.php(919): App\Controllers\Home->index()
 6 SYSTEMPATH/CodeIgniter.php(494): CodeIgniter\CodeIgniter->runController()
 7 SYSTEMPATH/CodeIgniter.php(353): CodeIgniter\CodeIgniter->handleRequest()
 8 FCPATH/index.php(79): CodeIgniter\CodeIgniter->run()
ERROR - 2023-10-29 01:52:43 --> mysqli_sql_exception: Unknown column 'permission.section_id' in 'field list' in /var/www/html/vegatask/system/Database/MySQLi/Connection.php:306
Stack trace:
#0 /var/www/html/vegatask/system/Database/MySQLi/Connection.php(306): mysqli->query()
#1 /var/www/html/vegatask/system/Database/BaseConnection.php(692): CodeIgniter\Database\MySQLi\Connection->execute()
#2 /var/www/html/vegatask/system/Database/BaseConnection.php(606): CodeIgniter\Database\BaseConnection->simpleQuery()
#3 /var/www/html/vegatask/system/Database/BaseBuilder.php(1615): CodeIgniter\Database\BaseConnection->query()
#4 /var/www/html/vegatask/system/Model.php(237): CodeIgniter\Database\BaseBuilder->get()
#5 /var/www/html/vegatask/system/BaseModel.php(624): CodeIgniter\Model->doFindAll()
#6 /var/www/html/vegatask/app/Controllers/Home.php(18): CodeIgniter\BaseModel->findAll()
#7 /var/www/html/vegatask/system/CodeIgniter.php(919): App\Controllers\Home->index()
#8 /var/www/html/vegatask/system/CodeIgniter.php(494): CodeIgniter\CodeIgniter->runController()
#9 /var/www/html/vegatask/system/CodeIgniter.php(353): CodeIgniter\CodeIgniter->handleRequest()
#10 /var/www/html/vegatask/public/index.php(79): CodeIgniter\CodeIgniter->run()
#11 {main}
CRITICAL - 2023-10-29 01:52:43 --> Unknown column 'permission.section_id' in 'field list'
in SYSTEMPATH/Database/BaseConnection.php on line 646.
 1 SYSTEMPATH/Database/BaseBuilder.php(1615): CodeIgniter\Database\BaseConnection->query()
 2 SYSTEMPATH/Model.php(237): CodeIgniter\Database\BaseBuilder->get()
 3 SYSTEMPATH/BaseModel.php(624): CodeIgniter\Model->doFindAll()
 4 APPPATH/Controllers/Home.php(18): CodeIgniter\BaseModel->findAll()
 5 SYSTEMPATH/CodeIgniter.php(919): App\Controllers\Home->index()
 6 SYSTEMPATH/CodeIgniter.php(494): CodeIgniter\CodeIgniter->runController()
 7 SYSTEMPATH/CodeIgniter.php(353): CodeIgniter\CodeIgniter->handleRequest()
 8 FCPATH/index.php(79): CodeIgniter\CodeIgniter->run()
ERROR - 2023-10-29 01:52:44 --> mysqli_sql_exception: Unknown column 'permission.section_id' in 'field list' in /var/www/html/vegatask/system/Database/MySQLi/Connection.php:306
Stack trace:
#0 /var/www/html/vegatask/system/Database/MySQLi/Connection.php(306): mysqli->query()
#1 /var/www/html/vegatask/system/Database/BaseConnection.php(692): CodeIgniter\Database\MySQLi\Connection->execute()
#2 /var/www/html/vegatask/system/Database/BaseConnection.php(606): CodeIgniter\Database\BaseConnection->simpleQuery()
#3 /var/www/html/vegatask/system/Database/BaseBuilder.php(1615): CodeIgniter\Database\BaseConnection->query()
#4 /var/www/html/vegatask/system/Model.php(237): CodeIgniter\Database\BaseBuilder->get()
#5 /var/www/html/vegatask/system/BaseModel.php(624): CodeIgniter\Model->doFindAll()
#6 /var/www/html/vegatask/app/Controllers/Home.php(18): CodeIgniter\BaseModel->findAll()
#7 /var/www/html/vegatask/system/CodeIgniter.php(919): App\Controllers\Home->index()
#8 /var/www/html/vegatask/system/CodeIgniter.php(494): CodeIgniter\CodeIgniter->runController()
#9 /var/www/html/vegatask/system/CodeIgniter.php(353): CodeIgniter\CodeIgniter->handleRequest()
#10 /var/www/html/vegatask/public/index.php(79): CodeIgniter\CodeIgniter->run()
#11 {main}
CRITICAL - 2023-10-29 01:52:44 --> Unknown column 'permission.section_id' in 'field list'
in SYSTEMPATH/Database/BaseConnection.php on line 646.
 1 SYSTEMPATH/Database/BaseBuilder.php(1615): CodeIgniter\Database\BaseConnection->query()
 2 SYSTEMPATH/Model.php(237): CodeIgniter\Database\BaseBuilder->get()
 3 SYSTEMPATH/BaseModel.php(624): CodeIgniter\Model->doFindAll()
 4 APPPATH/Controllers/Home.php(18): CodeIgniter\BaseModel->findAll()
 5 SYSTEMPATH/CodeIgniter.php(919): App\Controllers\Home->index()
 6 SYSTEMPATH/CodeIgniter.php(494): CodeIgniter\CodeIgniter->runController()
 7 SYSTEMPATH/CodeIgniter.php(353): CodeIgniter\CodeIgniter->handleRequest()
 8 FCPATH/index.php(79): CodeIgniter\CodeIgniter->run()
ERROR - 2023-10-29 01:52:44 --> mysqli_sql_exception: Unknown column 'permission.section_id' in 'field list' in /var/www/html/vegatask/system/Database/MySQLi/Connection.php:306
Stack trace:
#0 /var/www/html/vegatask/system/Database/MySQLi/Connection.php(306): mysqli->query()
#1 /var/www/html/vegatask/system/Database/BaseConnection.php(692): CodeIgniter\Database\MySQLi\Connection->execute()
#2 /var/www/html/vegatask/system/Database/BaseConnection.php(606): CodeIgniter\Database\BaseConnection->simpleQuery()
#3 /var/www/html/vegatask/system/Database/BaseBuilder.php(1615): CodeIgniter\Database\BaseConnection->query()
#4 /var/www/html/vegatask/system/Model.php(237): CodeIgniter\Database\BaseBuilder->get()
#5 /var/www/html/vegatask/system/BaseModel.php(624): CodeIgniter\Model->doFindAll()
#6 /var/www/html/vegatask/app/Controllers/Home.php(18): CodeIgniter\BaseModel->findAll()
#7 /var/www/html/vegatask/system/CodeIgniter.php(919): App\Controllers\Home->index()
#8 /var/www/html/vegatask/system/CodeIgniter.php(494): CodeIgniter\CodeIgniter->runController()
#9 /var/www/html/vegatask/system/CodeIgniter.php(353): CodeIgniter\CodeIgniter->handleRequest()
#10 /var/www/html/vegatask/public/index.php(79): CodeIgniter\CodeIgniter->run()
#11 {main}
CRITICAL - 2023-10-29 01:52:44 --> Unknown column 'permission.section_id' in 'field list'
in SYSTEMPATH/Database/BaseConnection.php on line 646.
 1 SYSTEMPATH/Database/BaseBuilder.php(1615): CodeIgniter\Database\BaseConnection->query()
 2 SYSTEMPATH/Model.php(237): CodeIgniter\Database\BaseBuilder->get()
 3 SYSTEMPATH/BaseModel.php(624): CodeIgniter\Model->doFindAll()
 4 APPPATH/Controllers/Home.php(18): CodeIgniter\BaseModel->findAll()
 5 SYSTEMPATH/CodeIgniter.php(919): App\Controllers\Home->index()
 6 SYSTEMPATH/CodeIgniter.php(494): CodeIgniter\CodeIgniter->runController()
 7 SYSTEMPATH/CodeIgniter.php(353): CodeIgniter\CodeIgniter->handleRequest()
 8 FCPATH/index.php(79): CodeIgniter\CodeIgniter->run()
ERROR - 2023-10-29 01:53:25 --> mysqli_sql_exception: Unknown column 'permission.section_id' in 'field list' in /var/www/html/vegatask/system/Database/MySQLi/Connection.php:306
Stack trace:
#0 /var/www/html/vegatask/system/Database/MySQLi/Connection.php(306): mysqli->query()
#1 /var/www/html/vegatask/system/Database/BaseConnection.php(692): CodeIgniter\Database\MySQLi\Connection->execute()
#2 /var/www/html/vegatask/system/Database/BaseConnection.php(606): CodeIgniter\Database\BaseConnection->simpleQuery()
#3 /var/www/html/vegatask/system/Database/BaseBuilder.php(1615): CodeIgniter\Database\BaseConnection->query()
#4 /var/www/html/vegatask/system/Model.php(237): CodeIgniter\Database\BaseBuilder->get()
#5 /var/www/html/vegatask/system/BaseModel.php(624): CodeIgniter\Model->doFindAll()
#6 /var/www/html/vegatask/app/Controllers/Home.php(18): CodeIgniter\BaseModel->findAll()
#7 /var/www/html/vegatask/system/CodeIgniter.php(919): App\Controllers\Home->index()
#8 /var/www/html/vegatask/system/CodeIgniter.php(494): CodeIgniter\CodeIgniter->runController()
#9 /var/www/html/vegatask/system/CodeIgniter.php(353): CodeIgniter\CodeIgniter->handleRequest()
#10 /var/www/html/vegatask/public/index.php(79): CodeIgniter\CodeIgniter->run()
#11 {main}
CRITICAL - 2023-10-29 01:53:25 --> Unknown column 'permission.section_id' in 'field list'
in SYSTEMPATH/Database/BaseConnection.php on line 646.
 1 SYSTEMPATH/Database/BaseBuilder.php(1615): CodeIgniter\Database\BaseConnection->query()
 2 SYSTEMPATH/Model.php(237): CodeIgniter\Database\BaseBuilder->get()
 3 SYSTEMPATH/BaseModel.php(624): CodeIgniter\Model->doFindAll()
 4 APPPATH/Controllers/Home.php(18): CodeIgniter\BaseModel->findAll()
 5 SYSTEMPATH/CodeIgniter.php(919): App\Controllers\Home->index()
 6 SYSTEMPATH/CodeIgniter.php(494): CodeIgniter\CodeIgniter->runController()
 7 SYSTEMPATH/CodeIgniter.php(353): CodeIgniter\CodeIgniter->handleRequest()
 8 FCPATH/index.php(79): CodeIgniter\CodeIgniter->run()
ERROR - 2023-10-29 01:53:33 --> mysqli_sql_exception: Unknown column 'permission.role_id' in 'on clause' in /var/www/html/vegatask/system/Database/MySQLi/Connection.php:306
Stack trace:
#0 /var/www/html/vegatask/system/Database/MySQLi/Connection.php(306): mysqli->query()
#1 /var/www/html/vegatask/system/Database/BaseConnection.php(692): CodeIgniter\Database\MySQLi\Connection->execute()
#2 /var/www/html/vegatask/system/Database/BaseConnection.php(606): CodeIgniter\Database\BaseConnection->simpleQuery()
#3 /var/www/html/vegatask/system/Database/BaseBuilder.php(1615): CodeIgniter\Database\BaseConnection->query()
#4 /var/www/html/vegatask/system/Model.php(237): CodeIgniter\Database\BaseBuilder->get()
#5 /var/www/html/vegatask/system/BaseModel.php(624): CodeIgniter\Model->doFindAll()
#6 /var/www/html/vegatask/app/Controllers/Home.php(18): CodeIgniter\BaseModel->findAll()
#7 /var/www/html/vegatask/system/CodeIgniter.php(919): App\Controllers\Home->index()
#8 /var/www/html/vegatask/system/CodeIgniter.php(494): CodeIgniter\CodeIgniter->runController()
#9 /var/www/html/vegatask/system/CodeIgniter.php(353): CodeIgniter\CodeIgniter->handleRequest()
#10 /var/www/html/vegatask/public/index.php(79): CodeIgniter\CodeIgniter->run()
#11 {main}
CRITICAL - 2023-10-29 01:53:33 --> Unknown column 'permission.role_id' in 'on clause'
in SYSTEMPATH/Database/BaseConnection.php on line 646.
 1 SYSTEMPATH/Database/BaseBuilder.php(1615): CodeIgniter\Database\BaseConnection->query()
 2 SYSTEMPATH/Model.php(237): CodeIgniter\Database\BaseBuilder->get()
 3 SYSTEMPATH/BaseModel.php(624): CodeIgniter\Model->doFindAll()
 4 APPPATH/Controllers/Home.php(18): CodeIgniter\BaseModel->findAll()
 5 SYSTEMPATH/CodeIgniter.php(919): App\Controllers\Home->index()
 6 SYSTEMPATH/CodeIgniter.php(494): CodeIgniter\CodeIgniter->runController()
 7 SYSTEMPATH/CodeIgniter.php(353): CodeIgniter\CodeIgniter->handleRequest()
 8 FCPATH/index.php(79): CodeIgniter\CodeIgniter->run()
ERROR - 2023-10-29 01:58:10 --> mysqli_sql_exception: Unknown column 'permission.section_id' in 'field list' in /var/www/html/vegatask/system/Database/MySQLi/Connection.php:306
Stack trace:
#0 /var/www/html/vegatask/system/Database/MySQLi/Connection.php(306): mysqli->query()
#1 /var/www/html/vegatask/system/Database/BaseConnection.php(692): CodeIgniter\Database\MySQLi\Connection->execute()
#2 /var/www/html/vegatask/system/Database/BaseConnection.php(606): CodeIgniter\Database\BaseConnection->simpleQuery()
#3 /var/www/html/vegatask/system/Database/BaseBuilder.php(1615): CodeIgniter\Database\BaseConnection->query()
#4 /var/www/html/vegatask/system/Model.php(237): CodeIgniter\Database\BaseBuilder->get()
#5 /var/www/html/vegatask/system/BaseModel.php(624): CodeIgniter\Model->doFindAll()
#6 /var/www/html/vegatask/app/Controllers/Home.php(18): CodeIgniter\BaseModel->findAll()
#7 /var/www/html/vegatask/system/CodeIgniter.php(919): App\Controllers\Home->index()
#8 /var/www/html/vegatask/system/CodeIgniter.php(494): CodeIgniter\CodeIgniter->runController()
#9 /var/www/html/vegatask/system/CodeIgniter.php(353): CodeIgniter\CodeIgniter->handleRequest()
#10 /var/www/html/vegatask/public/index.php(79): CodeIgniter\CodeIgniter->run()
#11 {main}
CRITICAL - 2023-10-29 01:58:10 --> Unknown column 'permission.section_id' in 'field list'
in SYSTEMPATH/Database/BaseConnection.php on line 646.
 1 SYSTEMPATH/Database/BaseBuilder.php(1615): CodeIgniter\Database\BaseConnection->query()
 2 SYSTEMPATH/Model.php(237): CodeIgniter\Database\BaseBuilder->get()
 3 SYSTEMPATH/BaseModel.php(624): CodeIgniter\Model->doFindAll()
 4 APPPATH/Controllers/Home.php(18): CodeIgniter\BaseModel->findAll()
 5 SYSTEMPATH/CodeIgniter.php(919): App\Controllers\Home->index()
 6 SYSTEMPATH/CodeIgniter.php(494): CodeIgniter\CodeIgniter->runController()
 7 SYSTEMPATH/CodeIgniter.php(353): CodeIgniter\CodeIgniter->handleRequest()
 8 FCPATH/index.php(79): CodeIgniter\CodeIgniter->run()
ERROR - 2023-10-29 01:58:38 --> mysqli_sql_exception: Unknown column 'permission.section_id' in 'field list' in /var/www/html/vegatask/system/Database/MySQLi/Connection.php:306
Stack trace:
#0 /var/www/html/vegatask/system/Database/MySQLi/Connection.php(306): mysqli->query()
#1 /var/www/html/vegatask/system/Database/BaseConnection.php(692): CodeIgniter\Database\MySQLi\Connection->execute()
#2 /var/www/html/vegatask/system/Database/BaseConnection.php(606): CodeIgniter\Database\BaseConnection->simpleQuery()
#3 /var/www/html/vegatask/system/Database/BaseBuilder.php(1615): CodeIgniter\Database\BaseConnection->query()
#4 /var/www/html/vegatask/system/Model.php(237): CodeIgniter\Database\BaseBuilder->get()
#5 /var/www/html/vegatask/system/BaseModel.php(624): CodeIgniter\Model->doFindAll()
#6 /var/www/html/vegatask/app/Controllers/Home.php(18): CodeIgniter\BaseModel->findAll()
#7 /var/www/html/vegatask/system/CodeIgniter.php(919): App\Controllers\Home->index()
#8 /var/www/html/vegatask/system/CodeIgniter.php(494): CodeIgniter\CodeIgniter->runController()
#9 /var/www/html/vegatask/system/CodeIgniter.php(353): CodeIgniter\CodeIgniter->handleRequest()
#10 /var/www/html/vegatask/public/index.php(79): CodeIgniter\CodeIgniter->run()
#11 {main}
CRITICAL - 2023-10-29 01:58:38 --> Unknown column 'permission.section_id' in 'field list'
in SYSTEMPATH/Database/BaseConnection.php on line 646.
 1 SYSTEMPATH/Database/BaseBuilder.php(1615): CodeIgniter\Database\BaseConnection->query()
 2 SYSTEMPATH/Model.php(237): CodeIgniter\Database\BaseBuilder->get()
 3 SYSTEMPATH/BaseModel.php(624): CodeIgniter\Model->doFindAll()
 4 APPPATH/Controllers/Home.php(18): CodeIgniter\BaseModel->findAll()
 5 SYSTEMPATH/CodeIgniter.php(919): App\Controllers\Home->index()
 6 SYSTEMPATH/CodeIgniter.php(494): CodeIgniter\CodeIgniter->runController()
 7 SYSTEMPATH/CodeIgniter.php(353): CodeIgniter\CodeIgniter->handleRequest()
 8 FCPATH/index.php(79): CodeIgniter\CodeIgniter->run()
ERROR - 2023-10-29 02:01:33 --> mysqli_sql_exception: Unknown column 'permission.section_id' in 'field list' in /var/www/html/vegatask/system/Database/MySQLi/Connection.php:306
Stack trace:
#0 /var/www/html/vegatask/system/Database/MySQLi/Connection.php(306): mysqli->query()
#1 /var/www/html/vegatask/system/Database/BaseConnection.php(692): CodeIgniter\Database\MySQLi\Connection->execute()
#2 /var/www/html/vegatask/system/Database/BaseConnection.php(606): CodeIgniter\Database\BaseConnection->simpleQuery()
#3 /var/www/html/vegatask/system/Database/BaseBuilder.php(1615): CodeIgniter\Database\BaseConnection->query()
#4 /var/www/html/vegatask/system/Model.php(237): CodeIgniter\Database\BaseBuilder->get()
#5 /var/www/html/vegatask/system/BaseModel.php(624): CodeIgniter\Model->doFindAll()
#6 /var/www/html/vegatask/app/Controllers/Home.php(18): CodeIgniter\BaseModel->findAll()
#7 /var/www/html/vegatask/system/CodeIgniter.php(919): App\Controllers\Home->index()
#8 /var/www/html/vegatask/system/CodeIgniter.php(494): CodeIgniter\CodeIgniter->runController()
#9 /var/www/html/vegatask/system/CodeIgniter.php(353): CodeIgniter\CodeIgniter->handleRequest()
#10 /var/www/html/vegatask/public/index.php(79): CodeIgniter\CodeIgniter->run()
#11 {main}
CRITICAL - 2023-10-29 02:01:33 --> Unknown column 'permission.section_id' in 'field list'
in SYSTEMPATH/Database/BaseConnection.php on line 646.
 1 SYSTEMPATH/Database/BaseBuilder.php(1615): CodeIgniter\Database\BaseConnection->query()
 2 SYSTEMPATH/Model.php(237): CodeIgniter\Database\BaseBuilder->get()
 3 SYSTEMPATH/BaseModel.php(624): CodeIgniter\Model->doFindAll()
 4 APPPATH/Controllers/Home.php(18): CodeIgniter\BaseModel->findAll()
 5 SYSTEMPATH/CodeIgniter.php(919): App\Controllers\Home->index()
 6 SYSTEMPATH/CodeIgniter.php(494): CodeIgniter\CodeIgniter->runController()
 7 SYSTEMPATH/CodeIgniter.php(353): CodeIgniter\CodeIgniter->handleRequest()
 8 FCPATH/index.php(79): CodeIgniter\CodeIgniter->run()
ERROR - 2023-10-29 02:01:34 --> mysqli_sql_exception: Unknown column 'permission.section_id' in 'field list' in /var/www/html/vegatask/system/Database/MySQLi/Connection.php:306
Stack trace:
#0 /var/www/html/vegatask/system/Database/MySQLi/Connection.php(306): mysqli->query()
#1 /var/www/html/vegatask/system/Database/BaseConnection.php(692): CodeIgniter\Database\MySQLi\Connection->execute()
#2 /var/www/html/vegatask/system/Database/BaseConnection.php(606): CodeIgniter\Database\BaseConnection->simpleQuery()
#3 /var/www/html/vegatask/system/Database/BaseBuilder.php(1615): CodeIgniter\Database\BaseConnection->query()
#4 /var/www/html/vegatask/system/Model.php(237): CodeIgniter\Database\BaseBuilder->get()
#5 /var/www/html/vegatask/system/BaseModel.php(624): CodeIgniter\Model->doFindAll()
#6 /var/www/html/vegatask/app/Controllers/Home.php(18): CodeIgniter\BaseModel->findAll()
#7 /var/www/html/vegatask/system/CodeIgniter.php(919): App\Controllers\Home->index()
#8 /var/www/html/vegatask/system/CodeIgniter.php(494): CodeIgniter\CodeIgniter->runController()
#9 /var/www/html/vegatask/system/CodeIgniter.php(353): CodeIgniter\CodeIgniter->handleRequest()
#10 /var/www/html/vegatask/public/index.php(79): CodeIgniter\CodeIgniter->run()
#11 {main}
CRITICAL - 2023-10-29 02:01:34 --> Unknown column 'permission.section_id' in 'field list'
in SYSTEMPATH/Database/BaseConnection.php on line 646.
 1 SYSTEMPATH/Database/BaseBuilder.php(1615): CodeIgniter\Database\BaseConnection->query()
 2 SYSTEMPATH/Model.php(237): CodeIgniter\Database\BaseBuilder->get()
 3 SYSTEMPATH/BaseModel.php(624): CodeIgniter\Model->doFindAll()
 4 APPPATH/Controllers/Home.php(18): CodeIgniter\BaseModel->findAll()
 5 SYSTEMPATH/CodeIgniter.php(919): App\Controllers\Home->index()
 6 SYSTEMPATH/CodeIgniter.php(494): CodeIgniter\CodeIgniter->runController()
 7 SYSTEMPATH/CodeIgniter.php(353): CodeIgniter\CodeIgniter->handleRequest()
 8 FCPATH/index.php(79): CodeIgniter\CodeIgniter->run()
ERROR - 2023-10-29 02:01:34 --> mysqli_sql_exception: Unknown column 'permission.section_id' in 'field list' in /var/www/html/vegatask/system/Database/MySQLi/Connection.php:306
Stack trace:
#0 /var/www/html/vegatask/system/Database/MySQLi/Connection.php(306): mysqli->query()
#1 /var/www/html/vegatask/system/Database/BaseConnection.php(692): CodeIgniter\Database\MySQLi\Connection->execute()
#2 /var/www/html/vegatask/system/Database/BaseConnection.php(606): CodeIgniter\Database\BaseConnection->simpleQuery()
#3 /var/www/html/vegatask/system/Database/BaseBuilder.php(1615): CodeIgniter\Database\BaseConnection->query()
#4 /var/www/html/vegatask/system/Model.php(237): CodeIgniter\Database\BaseBuilder->get()
#5 /var/www/html/vegatask/system/BaseModel.php(624): CodeIgniter\Model->doFindAll()
#6 /var/www/html/vegatask/app/Controllers/Home.php(18): CodeIgniter\BaseModel->findAll()
#7 /var/www/html/vegatask/system/CodeIgniter.php(919): App\Controllers\Home->index()
#8 /var/www/html/vegatask/system/CodeIgniter.php(494): CodeIgniter\CodeIgniter->runController()
#9 /var/www/html/vegatask/system/CodeIgniter.php(353): CodeIgniter\CodeIgniter->handleRequest()
#10 /var/www/html/vegatask/public/index.php(79): CodeIgniter\CodeIgniter->run()
#11 {main}
CRITICAL - 2023-10-29 02:01:34 --> Unknown column 'permission.section_id' in 'field list'
in SYSTEMPATH/Database/BaseConnection.php on line 646.
 1 SYSTEMPATH/Database/BaseBuilder.php(1615): CodeIgniter\Database\BaseConnection->query()
 2 SYSTEMPATH/Model.php(237): CodeIgniter\Database\BaseBuilder->get()
 3 SYSTEMPATH/BaseModel.php(624): CodeIgniter\Model->doFindAll()
 4 APPPATH/Controllers/Home.php(18): CodeIgniter\BaseModel->findAll()
 5 SYSTEMPATH/CodeIgniter.php(919): App\Controllers\Home->index()
 6 SYSTEMPATH/CodeIgniter.php(494): CodeIgniter\CodeIgniter->runController()
 7 SYSTEMPATH/CodeIgniter.php(353): CodeIgniter\CodeIgniter->handleRequest()
 8 FCPATH/index.php(79): CodeIgniter\CodeIgniter->run()
ERROR - 2023-10-29 02:05:17 --> mysqli_sql_exception: Unknown table 'braveatask.RolePermissionModel' in /var/www/html/vegatask/system/Database/MySQLi/Connection.php:306
Stack trace:
#0 /var/www/html/vegatask/system/Database/MySQLi/Connection.php(306): mysqli->query()
#1 /var/www/html/vegatask/system/Database/BaseConnection.php(692): CodeIgniter\Database\MySQLi\Connection->execute()
#2 /var/www/html/vegatask/system/Database/BaseConnection.php(606): CodeIgniter\Database\BaseConnection->simpleQuery()
#3 /var/www/html/vegatask/system/Database/BaseBuilder.php(1615): CodeIgniter\Database\BaseConnection->query()
#4 /var/www/html/vegatask/system/Model.php(237): CodeIgniter\Database\BaseBuilder->get()
#5 /var/www/html/vegatask/system/BaseModel.php(624): CodeIgniter\Model->doFindAll()
#6 /var/www/html/vegatask/app/Controllers/Home.php(25): CodeIgniter\BaseModel->findAll()
#7 /var/www/html/vegatask/system/CodeIgniter.php(919): App\Controllers\Home->index()
#8 /var/www/html/vegatask/system/CodeIgniter.php(494): CodeIgniter\CodeIgniter->runController()
#9 /var/www/html/vegatask/system/CodeIgniter.php(353): CodeIgniter\CodeIgniter->handleRequest()
#10 /var/www/html/vegatask/public/index.php(79): CodeIgniter\CodeIgniter->run()
#11 {main}
CRITICAL - 2023-10-29 02:05:17 --> Unknown table 'braveatask.RolePermissionModel'
in SYSTEMPATH/Database/BaseConnection.php on line 646.
 1 SYSTEMPATH/Database/BaseBuilder.php(1615): CodeIgniter\Database\BaseConnection->query()
 2 SYSTEMPATH/Model.php(237): CodeIgniter\Database\BaseBuilder->get()
 3 SYSTEMPATH/BaseModel.php(624): CodeIgniter\Model->doFindAll()
 4 APPPATH/Controllers/Home.php(25): CodeIgniter\BaseModel->findAll()
 5 SYSTEMPATH/CodeIgniter.php(919): App\Controllers\Home->index()
 6 SYSTEMPATH/CodeIgniter.php(494): CodeIgniter\CodeIgniter->runController()
 7 SYSTEMPATH/CodeIgniter.php(353): CodeIgniter\CodeIgniter->handleRequest()
 8 FCPATH/index.php(79): CodeIgniter\CodeIgniter->run()
ERROR - 2023-10-29 02:06:21 --> mysqli_sql_exception: Unknown table 'braveatask.RolePermissionModel' in /var/www/html/vegatask/system/Database/MySQLi/Connection.php:306
Stack trace:
#0 /var/www/html/vegatask/system/Database/MySQLi/Connection.php(306): mysqli->query()
#1 /var/www/html/vegatask/system/Database/BaseConnection.php(692): CodeIgniter\Database\MySQLi\Connection->execute()
#2 /var/www/html/vegatask/system/Database/BaseConnection.php(606): CodeIgniter\Database\BaseConnection->simpleQuery()
#3 /var/www/html/vegatask/system/Database/BaseBuilder.php(1615): CodeIgniter\Database\BaseConnection->query()
#4 /var/www/html/vegatask/system/Model.php(237): CodeIgniter\Database\BaseBuilder->get()
#5 /var/www/html/vegatask/system/BaseModel.php(624): CodeIgniter\Model->doFindAll()
#6 /var/www/html/vegatask/app/Controllers/Home.php(25): CodeIgniter\BaseModel->findAll()
#7 /var/www/html/vegatask/system/CodeIgniter.php(919): App\Controllers\Home->index()
#8 /var/www/html/vegatask/system/CodeIgniter.php(494): CodeIgniter\CodeIgniter->runController()
#9 /var/www/html/vegatask/system/CodeIgniter.php(353): CodeIgniter\CodeIgniter->handleRequest()
#10 /var/www/html/vegatask/public/index.php(79): CodeIgniter\CodeIgniter->run()
#11 {main}
CRITICAL - 2023-10-29 02:06:21 --> Unknown table 'braveatask.RolePermissionModel'
in SYSTEMPATH/Database/BaseConnection.php on line 646.
 1 SYSTEMPATH/Database/BaseBuilder.php(1615): CodeIgniter\Database\BaseConnection->query()
 2 SYSTEMPATH/Model.php(237): CodeIgniter\Database\BaseBuilder->get()
 3 SYSTEMPATH/BaseModel.php(624): CodeIgniter\Model->doFindAll()
 4 APPPATH/Controllers/Home.php(25): CodeIgniter\BaseModel->findAll()
 5 SYSTEMPATH/CodeIgniter.php(919): App\Controllers\Home->index()
 6 SYSTEMPATH/CodeIgniter.php(494): CodeIgniter\CodeIgniter->runController()
 7 SYSTEMPATH/CodeIgniter.php(353): CodeIgniter\CodeIgniter->handleRequest()
 8 FCPATH/index.php(79): CodeIgniter\CodeIgniter->run()
ERROR - 2023-10-29 02:06:24 --> mysqli_sql_exception: Unknown table 'braveatask.RolePermissionModel' in /var/www/html/vegatask/system/Database/MySQLi/Connection.php:306
Stack trace:
#0 /var/www/html/vegatask/system/Database/MySQLi/Connection.php(306): mysqli->query()
#1 /var/www/html/vegatask/system/Database/BaseConnection.php(692): CodeIgniter\Database\MySQLi\Connection->execute()
#2 /var/www/html/vegatask/system/Database/BaseConnection.php(606): CodeIgniter\Database\BaseConnection->simpleQuery()
#3 /var/www/html/vegatask/system/Database/BaseBuilder.php(1615): CodeIgniter\Database\BaseConnection->query()
#4 /var/www/html/vegatask/system/Model.php(237): CodeIgniter\Database\BaseBuilder->get()
#5 /var/www/html/vegatask/system/BaseModel.php(624): CodeIgniter\Model->doFindAll()
#6 /var/www/html/vegatask/app/Controllers/Home.php(25): CodeIgniter\BaseModel->findAll()
#7 /var/www/html/vegatask/system/CodeIgniter.php(919): App\Controllers\Home->index()
#8 /var/www/html/vegatask/system/CodeIgniter.php(494): CodeIgniter\CodeIgniter->runController()
#9 /var/www/html/vegatask/system/CodeIgniter.php(353): CodeIgniter\CodeIgniter->handleRequest()
#10 /var/www/html/vegatask/public/index.php(79): CodeIgniter\CodeIgniter->run()
#11 {main}
CRITICAL - 2023-10-29 02:06:24 --> Unknown table 'braveatask.RolePermissionModel'
in SYSTEMPATH/Database/BaseConnection.php on line 646.
 1 SYSTEMPATH/Database/BaseBuilder.php(1615): CodeIgniter\Database\BaseConnection->query()
 2 SYSTEMPATH/Model.php(237): CodeIgniter\Database\BaseBuilder->get()
 3 SYSTEMPATH/BaseModel.php(624): CodeIgniter\Model->doFindAll()
 4 APPPATH/Controllers/Home.php(25): CodeIgniter\BaseModel->findAll()
 5 SYSTEMPATH/CodeIgniter.php(919): App\Controllers\Home->index()
 6 SYSTEMPATH/CodeIgniter.php(494): CodeIgniter\CodeIgniter->runController()
 7 SYSTEMPATH/CodeIgniter.php(353): CodeIgniter\CodeIgniter->handleRequest()
 8 FCPATH/index.php(79): CodeIgniter\CodeIgniter->run()
ERROR - 2023-10-29 02:06:24 --> mysqli_sql_exception: Unknown table 'braveatask.RolePermissionModel' in /var/www/html/vegatask/system/Database/MySQLi/Connection.php:306
Stack trace:
#0 /var/www/html/vegatask/system/Database/MySQLi/Connection.php(306): mysqli->query()
#1 /var/www/html/vegatask/system/Database/BaseConnection.php(692): CodeIgniter\Database\MySQLi\Connection->execute()
#2 /var/www/html/vegatask/system/Database/BaseConnection.php(606): CodeIgniter\Database\BaseConnection->simpleQuery()
#3 /var/www/html/vegatask/system/Database/BaseBuilder.php(1615): CodeIgniter\Database\BaseConnection->query()
#4 /var/www/html/vegatask/system/Model.php(237): CodeIgniter\Database\BaseBuilder->get()
#5 /var/www/html/vegatask/system/BaseModel.php(624): CodeIgniter\Model->doFindAll()
#6 /var/www/html/vegatask/app/Controllers/Home.php(25): CodeIgniter\BaseModel->findAll()
#7 /var/www/html/vegatask/system/CodeIgniter.php(919): App\Controllers\Home->index()
#8 /var/www/html/vegatask/system/CodeIgniter.php(494): CodeIgniter\CodeIgniter->runController()
#9 /var/www/html/vegatask/system/CodeIgniter.php(353): CodeIgniter\CodeIgniter->handleRequest()
#10 /var/www/html/vegatask/public/index.php(79): CodeIgniter\CodeIgniter->run()
#11 {main}
CRITICAL - 2023-10-29 02:06:24 --> Unknown table 'braveatask.RolePermissionModel'
in SYSTEMPATH/Database/BaseConnection.php on line 646.
 1 SYSTEMPATH/Database/BaseBuilder.php(1615): CodeIgniter\Database\BaseConnection->query()
 2 SYSTEMPATH/Model.php(237): CodeIgniter\Database\BaseBuilder->get()
 3 SYSTEMPATH/BaseModel.php(624): CodeIgniter\Model->doFindAll()
 4 APPPATH/Controllers/Home.php(25): CodeIgniter\BaseModel->findAll()
 5 SYSTEMPATH/CodeIgniter.php(919): App\Controllers\Home->index()
 6 SYSTEMPATH/CodeIgniter.php(494): CodeIgniter\CodeIgniter->runController()
 7 SYSTEMPATH/CodeIgniter.php(353): CodeIgniter\CodeIgniter->handleRequest()
 8 FCPATH/index.php(79): CodeIgniter\CodeIgniter->run()
CRITICAL - 2023-10-29 02:16:04 --> Undefined array key 0
in APPPATH/Controllers/Home.php on line 27.
 1 APPPATH/Controllers/Home.php(27): CodeIgniter\Debug\Exceptions->errorHandler()
 2 SYSTEMPATH/CodeIgniter.php(919): App\Controllers\Home->index()
 3 SYSTEMPATH/CodeIgniter.php(494): CodeIgniter\CodeIgniter->runController()
 4 SYSTEMPATH/CodeIgniter.php(353): CodeIgniter\CodeIgniter->handleRequest()
 5 FCPATH/index.php(79): CodeIgniter\CodeIgniter->run()
CRITICAL - 2023-10-29 02:17:46 --> implode(): Argument #2 ($array) must be of type ?array, string given
in APPPATH/Controllers/Home.php on line 27.
 1 APPPATH/Controllers/Home.php(27): implode()
 2 SYSTEMPATH/CodeIgniter.php(919): App\Controllers\Home->index()
 3 SYSTEMPATH/CodeIgniter.php(494): CodeIgniter\CodeIgniter->runController()
 4 SYSTEMPATH/CodeIgniter.php(353): CodeIgniter\CodeIgniter->handleRequest()
 5 FCPATH/index.php(79): CodeIgniter\CodeIgniter->run()
CRITICAL - 2023-10-29 03:18:14 --> explode(): Argument #2 ($string) must be of type string, array given
in APPPATH/Controllers/Roles.php on line 82.
 1 APPPATH/Controllers/Roles.php(82): explode()
 2 SYSTEMPATH/CodeIgniter.php(919): App\Controllers\Roles->role()
 3 SYSTEMPATH/CodeIgniter.php(494): CodeIgniter\CodeIgniter->runController()
 4 SYSTEMPATH/CodeIgniter.php(353): CodeIgniter\CodeIgniter->handleRequest()
 5 FCPATH/index.php(79): CodeIgniter\CodeIgniter->run()
CRITICAL - 2023-10-29 03:22:37 --> whereIn() expects $key to be a non-empty string
in SYSTEMPATH/Database/BaseBuilder.php on line 935.
 1 SYSTEMPATH/Database/BaseBuilder.php(826): CodeIgniter\Database\BaseBuilder->_whereIn()
 2 SYSTEMPATH/Model.php(871): CodeIgniter\Database\BaseBuilder->whereIn()
 3 APPPATH/Controllers/Roles.php(86): CodeIgniter\Model->__call()
 4 SYSTEMPATH/CodeIgniter.php(919): App\Controllers\Roles->role()
 5 SYSTEMPATH/CodeIgniter.php(494): CodeIgniter\CodeIgniter->runController()
 6 SYSTEMPATH/CodeIgniter.php(353): CodeIgniter\CodeIgniter->handleRequest()
 7 FCPATH/index.php(79): CodeIgniter\CodeIgniter->run()
CRITICAL - 2023-10-29 03:22:37 --> whereIn() expects $key to be a non-empty string
in SYSTEMPATH/Database/BaseBuilder.php on line 935.
 1 SYSTEMPATH/Database/BaseBuilder.php(826): CodeIgniter\Database\BaseBuilder->_whereIn()
 2 SYSTEMPATH/Model.php(871): CodeIgniter\Database\BaseBuilder->whereIn()
 3 APPPATH/Controllers/Roles.php(86): CodeIgniter\Model->__call()
 4 SYSTEMPATH/CodeIgniter.php(919): App\Controllers\Roles->role()
 5 SYSTEMPATH/CodeIgniter.php(494): CodeIgniter\CodeIgniter->runController()
 6 SYSTEMPATH/CodeIgniter.php(353): CodeIgniter\CodeIgniter->handleRequest()
 7 FCPATH/index.php(79): CodeIgniter\CodeIgniter->run()
CRITICAL - 2023-10-29 03:24:28 --> Array to string conversion
in APPPATH/Controllers/Roles.php on line 88.
 1 [internal function]: CodeIgniter\Debug\Exceptions->errorHandler()
 2 APPPATH/Controllers/Roles.php(88): implode()
 3 SYSTEMPATH/CodeIgniter.php(919): App\Controllers\Roles->role()
 4 SYSTEMPATH/CodeIgniter.php(494): CodeIgniter\CodeIgniter->runController()
 5 SYSTEMPATH/CodeIgniter.php(353): CodeIgniter\CodeIgniter->handleRequest()
 6 FCPATH/index.php(79): CodeIgniter\CodeIgniter->run()
CRITICAL - 2023-10-29 03:24:38 --> Array to string conversion
in APPPATH/Controllers/Roles.php on line 88.
 1 [internal function]: CodeIgniter\Debug\Exceptions->errorHandler()
 2 APPPATH/Controllers/Roles.php(88): implode()
 3 SYSTEMPATH/CodeIgniter.php(919): App\Controllers\Roles->role()
 4 SYSTEMPATH/CodeIgniter.php(494): CodeIgniter\CodeIgniter->runController()
 5 SYSTEMPATH/CodeIgniter.php(353): CodeIgniter\CodeIgniter->handleRequest()
 6 FCPATH/index.php(79): CodeIgniter\CodeIgniter->run()
CRITICAL - 2023-10-29 03:25:42 --> Array to string conversion
in APPPATH/Controllers/Roles.php on line 88.
 1 [internal function]: CodeIgniter\Debug\Exceptions->errorHandler()
 2 APPPATH/Controllers/Roles.php(88): implode()
 3 SYSTEMPATH/CodeIgniter.php(919): App\Controllers\Roles->role()
 4 SYSTEMPATH/CodeIgniter.php(494): CodeIgniter\CodeIgniter->runController()
 5 SYSTEMPATH/CodeIgniter.php(353): CodeIgniter\CodeIgniter->handleRequest()
 6 FCPATH/index.php(79): CodeIgniter\CodeIgniter->run()
CRITICAL - 2023-10-29 03:26:51 --> explode(): Argument #2 ($string) must be of type string, array given
in APPPATH/Controllers/Roles.php on line 88.
 1 APPPATH/Controllers/Roles.php(88): explode()
 2 SYSTEMPATH/CodeIgniter.php(919): App\Controllers\Roles->role()
 3 SYSTEMPATH/CodeIgniter.php(494): CodeIgniter\CodeIgniter->runController()
 4 SYSTEMPATH/CodeIgniter.php(353): CodeIgniter\CodeIgniter->handleRequest()
 5 FCPATH/index.php(79): CodeIgniter\CodeIgniter->run()
CRITICAL - 2023-10-29 03:27:04 --> Array to string conversion
in APPPATH/Controllers/Roles.php on line 88.
 1 [internal function]: CodeIgniter\Debug\Exceptions->errorHandler()
 2 APPPATH/Controllers/Roles.php(88): implode()
 3 SYSTEMPATH/CodeIgniter.php(919): App\Controllers\Roles->role()
 4 SYSTEMPATH/CodeIgniter.php(494): CodeIgniter\CodeIgniter->runController()
 5 SYSTEMPATH/CodeIgniter.php(353): CodeIgniter\CodeIgniter->handleRequest()
 6 FCPATH/index.php(79): CodeIgniter\CodeIgniter->run()
CRITICAL - 2023-10-29 03:27:46 --> Undefined array key "section"
in APPPATH/Controllers/Roles.php on line 88.
 1 APPPATH/Controllers/Roles.php(88): CodeIgniter\Debug\Exceptions->errorHandler()
 2 SYSTEMPATH/CodeIgniter.php(919): App\Controllers\Roles->role()
 3 SYSTEMPATH/CodeIgniter.php(494): CodeIgniter\CodeIgniter->runController()
 4 SYSTEMPATH/CodeIgniter.php(353): CodeIgniter\CodeIgniter->handleRequest()
 5 FCPATH/index.php(79): CodeIgniter\CodeIgniter->run()
CRITICAL - 2023-10-29 03:31:27 --> Array to string conversion
in APPPATH/Views/role.php on line 44.
 1 APPPATH/Views/role.php(44): CodeIgniter\Debug\Exceptions->errorHandler()
 2 SYSTEMPATH/View/View.php(226): include('/var/www/html/vegatask/app/Views/role.php')
 3 SYSTEMPATH/View/View.php(229): CodeIgniter\View\View->CodeIgniter\View\{closure}()
 4 SYSTEMPATH/Common.php(1188): CodeIgniter\View\View->render()
 5 APPPATH/Controllers/Roles.php(92): view()
 6 SYSTEMPATH/CodeIgniter.php(919): App\Controllers\Roles->role()
 7 SYSTEMPATH/CodeIgniter.php(494): CodeIgniter\CodeIgniter->runController()
 8 SYSTEMPATH/CodeIgniter.php(353): CodeIgniter\CodeIgniter->handleRequest()
 9 FCPATH/index.php(79): CodeIgniter\CodeIgniter->run()
CRITICAL - 2023-10-29 03:46:57 --> Undefined array key 0
in APPPATH/Controllers/Roles.php on line 83.
 1 APPPATH/Controllers/Roles.php(83): CodeIgniter\Debug\Exceptions->errorHandler()
 2 SYSTEMPATH/CodeIgniter.php(919): App\Controllers\Roles->role()
 3 SYSTEMPATH/CodeIgniter.php(494): CodeIgniter\CodeIgniter->runController()
 4 SYSTEMPATH/CodeIgniter.php(353): CodeIgniter\CodeIgniter->handleRequest()
 5 FCPATH/index.php(79): CodeIgniter\CodeIgniter->run()
CRITICAL - 2023-10-29 03:47:51 --> Undefined array key "perm"
in APPPATH/Controllers/Roles.php on line 88.
 1 APPPATH/Controllers/Roles.php(88): CodeIgniter\Debug\Exceptions->errorHandler()
 2 SYSTEMPATH/CodeIgniter.php(919): App\Controllers\Roles->role()
 3 SYSTEMPATH/CodeIgniter.php(494): CodeIgniter\CodeIgniter->runController()
 4 SYSTEMPATH/CodeIgniter.php(353): CodeIgniter\CodeIgniter->handleRequest()
 5 FCPATH/index.php(79): CodeIgniter\CodeIgniter->run()
CRITICAL - 2023-10-29 03:48:17 --> Undefined array key "sectionname"
in APPPATH/Controllers/Roles.php on line 93.
 1 APPPATH/Controllers/Roles.php(93): CodeIgniter\Debug\Exceptions->errorHandler()
 2 SYSTEMPATH/CodeIgniter.php(919): App\Controllers\Roles->role()
 3 SYSTEMPATH/CodeIgniter.php(494): CodeIgniter\CodeIgniter->runController()
 4 SYSTEMPATH/CodeIgniter.php(353): CodeIgniter\CodeIgniter->handleRequest()
 5 FCPATH/index.php(79): CodeIgniter\CodeIgniter->run()
CRITICAL - 2023-10-29 03:48:31 --> Undefined array key "sections"
in APPPATH/Controllers/Roles.php on line 97.
 1 APPPATH/Controllers/Roles.php(97): CodeIgniter\Debug\Exceptions->errorHandler()
 2 SYSTEMPATH/CodeIgniter.php(919): App\Controllers\Roles->role()
 3 SYSTEMPATH/CodeIgniter.php(494): CodeIgniter\CodeIgniter->runController()
 4 SYSTEMPATH/CodeIgniter.php(353): CodeIgniter\CodeIgniter->handleRequest()
 5 FCPATH/index.php(79): CodeIgniter\CodeIgniter->run()
CRITICAL - 2023-10-29 03:54:16 --> Undefined array key "rname"
in APPPATH/Views/userlist.php on line 57.
 1 APPPATH/Views/userlist.php(57): CodeIgniter\Debug\Exceptions->errorHandler()
 2 SYSTEMPATH/View/View.php(226): include('/var/www/html/vegatask/app/Views/userlist.php')
 3 SYSTEMPATH/View/View.php(229): CodeIgniter\View\View->CodeIgniter\View\{closure}()
 4 SYSTEMPATH/Common.php(1188): CodeIgniter\View\View->render()
 5 APPPATH/Controllers/Home.php(116): view()
 6 SYSTEMPATH/CodeIgniter.php(919): App\Controllers\Home->savedata()
 7 SYSTEMPATH/CodeIgniter.php(494): CodeIgniter\CodeIgniter->runController()
 8 SYSTEMPATH/CodeIgniter.php(353): CodeIgniter\CodeIgniter->handleRequest()
 9 FCPATH/index.php(79): CodeIgniter\CodeIgniter->run()
CRITICAL - 2023-10-29 04:42:21 --> Undefined array key "section"
in APPPATH/Controllers/Roles.php on line 92.
 1 APPPATH/Controllers/Roles.php(92): CodeIgniter\Debug\Exceptions->errorHandler()
 2 SYSTEMPATH/CodeIgniter.php(919): App\Controllers\Roles->role()
 3 SYSTEMPATH/CodeIgniter.php(494): CodeIgniter\CodeIgniter->runController()
 4 SYSTEMPATH/CodeIgniter.php(353): CodeIgniter\CodeIgniter->handleRequest()
 5 FCPATH/index.php(79): CodeIgniter\CodeIgniter->run()
