CRITICAL - 2023-09-13 06:31:31 --> include(header): failed to open stream: No such file or directory
in APPPATH/Views/welcome_message.php on line 1.
 1 APPPATH/Views/welcome_message.php(1): CodeIgniter\Debug\Exceptions->errorHandler()
 2 APPPATH/Views/welcome_message.php(1): include()
 3 SYSTEMPATH/View/View.php(226): include('/var/www/html/learnci/app/Views/welcome_message.php')
 4 SYSTEMPATH/View/View.php(229): CodeIgniter\View\View->CodeIgniter\View\{closure}()
 5 SYSTEMPATH/Common.php(1188): CodeIgniter\View\View->render()
 6 APPPATH/Controllers/Home.php(12): view()
 7 SYSTEMPATH/CodeIgniter.php(919): App\Controllers\Home->index()
 8 SYSTEMPATH/CodeIgniter.php(494): CodeIgniter\CodeIgniter->runController()
 9 SYSTEMPATH/CodeIgniter.php(353): CodeIgniter\CodeIgniter->handleRequest()
10 FCPATH/index.php(79): CodeIgniter\CodeIgniter->run()
CRITICAL - 2023-09-13 06:36:25 --> include(header): failed to open stream: No such file or directory
in APPPATH/Views/welcome_message.php on line 1.
 1 APPPATH/Views/welcome_message.php(1): CodeIgniter\Debug\Exceptions->errorHandler()
 2 APPPATH/Views/welcome_message.php(1): include()
 3 SYSTEMPATH/View/View.php(226): include('/var/www/html/learnci/app/Views/welcome_message.php')
 4 SYSTEMPATH/View/View.php(229): CodeIgniter\View\View->CodeIgniter\View\{closure}()
 5 SYSTEMPATH/Common.php(1188): CodeIgniter\View\View->render()
 6 APPPATH/Controllers/Home.php(12): view()
 7 SYSTEMPATH/CodeIgniter.php(919): App\Controllers\Home->index()
 8 SYSTEMPATH/CodeIgniter.php(494): CodeIgniter\CodeIgniter->runController()
 9 SYSTEMPATH/CodeIgniter.php(353): CodeIgniter\CodeIgniter->handleRequest()
10 FCPATH/index.php(79): CodeIgniter\CodeIgniter->run()
CRITICAL - 2023-09-13 06:36:41 --> include(header): failed to open stream: No such file or directory
in APPPATH/Views/welcome_message.php on line 1.
 1 APPPATH/Views/welcome_message.php(1): CodeIgniter\Debug\Exceptions->errorHandler()
 2 APPPATH/Views/welcome_message.php(1): include()
 3 SYSTEMPATH/View/View.php(226): include('/var/www/html/learnci/app/Views/welcome_message.php')
 4 SYSTEMPATH/View/View.php(229): CodeIgniter\View\View->CodeIgniter\View\{closure}()
 5 SYSTEMPATH/Common.php(1188): CodeIgniter\View\View->render()
 6 APPPATH/Controllers/Home.php(12): view()
 7 SYSTEMPATH/CodeIgniter.php(919): App\Controllers\Home->index()
 8 SYSTEMPATH/CodeIgniter.php(494): CodeIgniter\CodeIgniter->runController()
 9 SYSTEMPATH/CodeIgniter.php(353): CodeIgniter\CodeIgniter->handleRequest()
10 FCPATH/index.php(79): CodeIgniter\CodeIgniter->run()
CRITICAL - 2023-09-13 08:07:41 --> Call to a member function set() on null
in APPPATH/Controllers/LoginController.php on line 42.
 1 SYSTEMPATH/CodeIgniter.php(919): App\Controllers\LoginController->logindata()
 2 SYSTEMPATH/CodeIgniter.php(494): CodeIgniter\CodeIgniter->runController()
 3 SYSTEMPATH/CodeIgniter.php(353): CodeIgniter\CodeIgniter->handleRequest()
 4 FCPATH/index.php(79): CodeIgniter\CodeIgniter->run()
CRITICAL - 2023-09-13 08:08:09 --> Call to a member function get() on null
in APPPATH/Controllers/LoginController.php on line 16.
 1 SYSTEMPATH/CodeIgniter.php(919): App\Controllers\LoginController->userdata()
 2 SYSTEMPATH/CodeIgniter.php(494): CodeIgniter\CodeIgniter->runController()
 3 SYSTEMPATH/CodeIgniter.php(353): CodeIgniter\CodeIgniter->handleRequest()
 4 FCPATH/index.php(79): CodeIgniter\CodeIgniter->run()
CRITICAL - 2023-09-13 08:14:29 --> Illegal string offset 'name'
in APPPATH/Views/dashboard.php on line 68.
 1 APPPATH/Views/dashboard.php(68): CodeIgniter\Debug\Exceptions->errorHandler()
 2 SYSTEMPATH/View/View.php(226): include('/var/www/html/learnci/app/Views/dashboard.php')
 3 SYSTEMPATH/View/View.php(229): CodeIgniter\View\View->CodeIgniter\View\{closure}()
 4 SYSTEMPATH/Common.php(1188): CodeIgniter\View\View->render()
 5 APPPATH/Controllers/LoginController.php(18): view()
 6 SYSTEMPATH/CodeIgniter.php(919): App\Controllers\LoginController->userdata()
 7 SYSTEMPATH/CodeIgniter.php(494): CodeIgniter\CodeIgniter->runController()
 8 SYSTEMPATH/CodeIgniter.php(353): CodeIgniter\CodeIgniter->handleRequest()
 9 FCPATH/index.php(79): CodeIgniter\CodeIgniter->run()
CRITICAL - 2023-09-13 08:15:39 --> Illegal string offset 'id'
in APPPATH/Views/dashboard.php on line 75.
 1 APPPATH/Views/dashboard.php(75): CodeIgniter\Debug\Exceptions->errorHandler()
 2 SYSTEMPATH/View/View.php(226): include('/var/www/html/learnci/app/Views/dashboard.php')
 3 SYSTEMPATH/View/View.php(229): CodeIgniter\View\View->CodeIgniter\View\{closure}()
 4 SYSTEMPATH/Common.php(1188): CodeIgniter\View\View->render()
 5 APPPATH/Controllers/LoginController.php(18): view()
 6 SYSTEMPATH/CodeIgniter.php(919): App\Controllers\LoginController->userdata()
 7 SYSTEMPATH/CodeIgniter.php(494): CodeIgniter\CodeIgniter->runController()
 8 SYSTEMPATH/CodeIgniter.php(353): CodeIgniter\CodeIgniter->handleRequest()
 9 FCPATH/index.php(79): CodeIgniter\CodeIgniter->run()
CRITICAL - 2023-09-13 09:15:47 --> Call to a member function get() on null
in APPPATH/Views/header.php on line 34.
 1 SYSTEMPATH/View/View.php(226): include()
 2 SYSTEMPATH/View/View.php(229): CodeIgniter\View\View->CodeIgniter\View\{closure}()
 3 SYSTEMPATH/View/View.php(467): CodeIgniter\View\View->render()
 4 APPPATH/Views/dashboard.php(1): CodeIgniter\View\View->include()
 5 SYSTEMPATH/View/View.php(226): include('/var/www/html/learnci/app/Views/dashboard.php')
 6 SYSTEMPATH/View/View.php(229): CodeIgniter\View\View->CodeIgniter\View\{closure}()
 7 SYSTEMPATH/Common.php(1188): CodeIgniter\View\View->render()
 8 APPPATH/Controllers/LoginController.php(18): view()
 9 SYSTEMPATH/CodeIgniter.php(919): App\Controllers\LoginController->userdata()
10 SYSTEMPATH/CodeIgniter.php(494): CodeIgniter\CodeIgniter->runController()
11 SYSTEMPATH/CodeIgniter.php(353): CodeIgniter\CodeIgniter->handleRequest()
12 FCPATH/index.php(79): CodeIgniter\CodeIgniter->run()
CRITICAL - 2023-09-13 09:16:25 --> Object of class CodeIgniter\Session\Session could not be converted to string
in APPPATH/Views/header.php on line 34.
 1 SYSTEMPATH/View/View.php(226): include()
 2 SYSTEMPATH/View/View.php(229): CodeIgniter\View\View->CodeIgniter\View\{closure}()
 3 SYSTEMPATH/View/View.php(467): CodeIgniter\View\View->render()
 4 APPPATH/Views/dashboard.php(1): CodeIgniter\View\View->include()
 5 SYSTEMPATH/View/View.php(226): include('/var/www/html/learnci/app/Views/dashboard.php')
 6 SYSTEMPATH/View/View.php(229): CodeIgniter\View\View->CodeIgniter\View\{closure}()
 7 SYSTEMPATH/Common.php(1188): CodeIgniter\View\View->render()
 8 APPPATH/Controllers/LoginController.php(18): view()
 9 SYSTEMPATH/CodeIgniter.php(919): App\Controllers\LoginController->userdata()
10 SYSTEMPATH/CodeIgniter.php(494): CodeIgniter\CodeIgniter->runController()
11 SYSTEMPATH/CodeIgniter.php(353): CodeIgniter\CodeIgniter->handleRequest()
12 FCPATH/index.php(79): CodeIgniter\CodeIgniter->run()
CRITICAL - 2023-09-13 09:22:59 --> Call to a member function get() on null
in APPPATH/Controllers/LoginController.php on line 60.
 1 SYSTEMPATH/CodeIgniter.php(919): App\Controllers\LoginController->logout()
 2 SYSTEMPATH/CodeIgniter.php(494): CodeIgniter\CodeIgniter->runController()
 3 SYSTEMPATH/CodeIgniter.php(353): CodeIgniter\CodeIgniter->handleRequest()
 4 FCPATH/index.php(79): CodeIgniter\CodeIgniter->run()
CRITICAL - 2023-09-13 09:23:19 --> Call to undefined function App\Controllers\direct()
in APPPATH/Controllers/LoginController.php on line 62.
 1 SYSTEMPATH/CodeIgniter.php(919): App\Controllers\LoginController->logout()
 2 SYSTEMPATH/CodeIgniter.php(494): CodeIgniter\CodeIgniter->runController()
 3 SYSTEMPATH/CodeIgniter.php(353): CodeIgniter\CodeIgniter->handleRequest()
 4 FCPATH/index.php(79): CodeIgniter\CodeIgniter->run()
CRITICAL - 2023-09-13 10:53:26 --> Call to a member function get() on null
in APPPATH/Controllers/Home.php on line 17.
 1 SYSTEMPATH/CodeIgniter.php(919): App\Controllers\Home->form()
 2 SYSTEMPATH/CodeIgniter.php(494): CodeIgniter\CodeIgniter->runController()
 3 SYSTEMPATH/CodeIgniter.php(353): CodeIgniter\CodeIgniter->handleRequest()
 4 FCPATH/index.php(79): CodeIgniter\CodeIgniter->run()
