CRITICAL - 2023-09-09 04:13:04 --> Call to a member function getError() on null
in APPPATH/Views/form.php on line 26.
 1 SYSTEMPATH/View/View.php(226): include()
 2 SYSTEMPATH/View/View.php(229): CodeIgniter\View\View->CodeIgniter\View\{closure}()
 3 SYSTEMPATH/Common.php(1188): CodeIgniter\View\View->render()
 4 APPPATH/Controllers/Home.php(17): view()
 5 SYSTEMPATH/CodeIgniter.php(919): App\Controllers\Home->form()
 6 SYSTEMPATH/CodeIgniter.php(494): CodeIgniter\CodeIgniter->runController()
 7 SYSTEMPATH/CodeIgniter.php(353): CodeIgniter\CodeIgniter->handleRequest()
 8 FCPATH/index.php(79): CodeIgniter\CodeIgniter->run()
CRITICAL - 2023-09-09 04:15:05 --> Call to a member function getError() on null
in APPPATH/Views/form.php on line 26.
 1 SYSTEMPATH/View/View.php(226): include()
 2 SYSTEMPATH/View/View.php(229): CodeIgniter\View\View->CodeIgniter\View\{closure}()
 3 SYSTEMPATH/Common.php(1188): CodeIgniter\View\View->render()
 4 APPPATH/Controllers/Home.php(17): view()
 5 SYSTEMPATH/CodeIgniter.php(919): App\Controllers\Home->form()
 6 SYSTEMPATH/CodeIgniter.php(494): CodeIgniter\CodeIgniter->runController()
 7 SYSTEMPATH/CodeIgniter.php(353): CodeIgniter\CodeIgniter->handleRequest()
 8 FCPATH/index.php(79): CodeIgniter\CodeIgniter->run()
CRITICAL - 2023-09-09 11:47:07 --> The framework needs the following extension(s) installed and loaded: intl, mbstring.
in SYSTEMPATH/CodeIgniter.php on line 246.
 1 SYSTEMPATH/CodeIgniter.php(246): CodeIgniter\Exceptions\FrameworkException::forMissingExtension()
 2 SYSTEMPATH/CodeIgniter.php(210): CodeIgniter\CodeIgniter->resolvePlatformExtensions()
 3 FCPATH/index.php(67): CodeIgniter\CodeIgniter->initialize()
CRITICAL - 2023-09-09 11:47:07 --> Uncaught Error: Class "Locale" not found in /var/www/html/learnci/system/Helpers/number_helper.php:136
Stack trace:
#0 /var/www/html/learnci/system/Helpers/number_helper.php(55): format_number()
#1 /var/www/html/learnci/system/Debug/BaseExceptionHandler.php(145): number_to_size()
#2 /var/www/html/learnci/app/Views/errors/html/error_exception.php(360): CodeIgniter\Debug\BaseExceptionHandler::describeMemory()
#3 /var/www/html/learnci/system/Debug/BaseExceptionHandler.php(241): include('...')
#4 /var/www/html/learnci/system/Debug/BaseExceptionHandler.php(244): CodeIgniter\Debug\BaseExceptionHandler->CodeIgniter\Debug\{closure}()
#5 /var/www/html/learnci/system/Debug/ExceptionHandler.php(109): CodeIgniter\Debug\BaseExceptionHandler->render()
#6 /var/www/html/learnci/system/Debug/Exceptions.php(147): CodeIgniter\Debug\ExceptionHandler->handle()
#7 [internal function]: CodeIgniter\Debug\Exceptions->exceptionHandler()
#8 {main}
  thrown
ã€Previous Exceptionã€‘
CodeIgniter\Exceptions\FrameworkException
The framework needs the following extension(s) installed and loaded: intl, mbstring.
#0 /var/www/html/learnci/system/CodeIgniter.php(246): CodeIgniter\Exceptions\FrameworkException::forMissingExtension()
#1 /var/www/html/learnci/system/CodeIgniter.php(210): CodeIgniter\CodeIgniter->resolvePlatformExtensions()
#2 /var/www/html/learnci/public/index.php(67): CodeIgniter\CodeIgniter->initialize()
#3 {main}
in SYSTEMPATH/Helpers/number_helper.php on line 136.
 1 [internal function]: CodeIgniter\Debug\Exceptions->shutdownHandler()
CRITICAL - 2023-09-09 11:57:02 --> The framework needs the following extension(s) installed and loaded: intl, mbstring.
in SYSTEMPATH/CodeIgniter.php on line 246.
 1 SYSTEMPATH/CodeIgniter.php(246): CodeIgniter\Exceptions\FrameworkException::forMissingExtension()
 2 SYSTEMPATH/CodeIgniter.php(210): CodeIgniter\CodeIgniter->resolvePlatformExtensions()
 3 FCPATH/index.php(67): CodeIgniter\CodeIgniter->initialize()
CRITICAL - 2023-09-09 11:57:02 --> Uncaught Error: Class "Locale" not found in /var/www/html/learnci/system/Helpers/number_helper.php:136
Stack trace:
#0 /var/www/html/learnci/system/Helpers/number_helper.php(55): format_number()
#1 /var/www/html/learnci/system/Debug/BaseExceptionHandler.php(145): number_to_size()
#2 /var/www/html/learnci/app/Views/errors/html/error_exception.php(360): CodeIgniter\Debug\BaseExceptionHandler::describeMemory()
#3 /var/www/html/learnci/system/Debug/BaseExceptionHandler.php(241): include('...')
#4 /var/www/html/learnci/system/Debug/BaseExceptionHandler.php(244): CodeIgniter\Debug\BaseExceptionHandler->CodeIgniter\Debug\{closure}()
#5 /var/www/html/learnci/system/Debug/ExceptionHandler.php(109): CodeIgniter\Debug\BaseExceptionHandler->render()
#6 /var/www/html/learnci/system/Debug/Exceptions.php(147): CodeIgniter\Debug\ExceptionHandler->handle()
#7 [internal function]: CodeIgniter\Debug\Exceptions->exceptionHandler()
#8 {main}
  thrown
ã€Previous Exceptionã€‘
CodeIgniter\Exceptions\FrameworkException
The framework needs the following extension(s) installed and loaded: intl, mbstring.
#0 /var/www/html/learnci/system/CodeIgniter.php(246): CodeIgniter\Exceptions\FrameworkException::forMissingExtension()
#1 /var/www/html/learnci/system/CodeIgniter.php(210): CodeIgniter\CodeIgniter->resolvePlatformExtensions()
#2 /var/www/html/learnci/public/index.php(67): CodeIgniter\CodeIgniter->initialize()
#3 {main}
in SYSTEMPATH/Helpers/number_helper.php on line 136.
 1 [internal function]: CodeIgniter\Debug\Exceptions->shutdownHandler()
CRITICAL - 2023-09-09 06:54:50 --> Class 'CodeIngiter\Controller' not found
in APPPATH/Controllers/PdfController.php on line 4.
 1 SYSTEMPATH/Autoloader/Autoloader.php(306): include_once()
 2 SYSTEMPATH/Autoloader/Autoloader.php(285): CodeIgniter\Autoloader\Autoloader->includeFile()
 3 SYSTEMPATH/Autoloader/Autoloader.php(263): CodeIgniter\Autoloader\Autoloader->loadInNamespace()
 4 [internal function]: CodeIgniter\Autoloader\Autoloader->loadClass()
 5 [internal function]: spl_autoload_call()
 6 SYSTEMPATH/CodeIgniter.php(877): class_exists()
 7 SYSTEMPATH/CodeIgniter.php(481): CodeIgniter\CodeIgniter->startController()
 8 SYSTEMPATH/CodeIgniter.php(353): CodeIgniter\CodeIgniter->handleRequest()
 9 FCPATH/index.php(79): CodeIgniter\CodeIgniter->run()
CRITICAL - 2023-09-09 06:56:15 --> Class 'App\Controllsers\BaseController' not found
in APPPATH/Controllers/PdfController.php on line 4.
 1 SYSTEMPATH/Autoloader/Autoloader.php(306): include_once()
 2 SYSTEMPATH/Autoloader/Autoloader.php(285): CodeIgniter\Autoloader\Autoloader->includeFile()
 3 SYSTEMPATH/Autoloader/Autoloader.php(263): CodeIgniter\Autoloader\Autoloader->loadInNamespace()
 4 [internal function]: CodeIgniter\Autoloader\Autoloader->loadClass()
 5 [internal function]: spl_autoload_call()
 6 SYSTEMPATH/CodeIgniter.php(877): class_exists()
 7 SYSTEMPATH/CodeIgniter.php(481): CodeIgniter\CodeIgniter->startController()
 8 SYSTEMPATH/CodeIgniter.php(353): CodeIgniter\CodeIgniter->handleRequest()
 9 FCPATH/index.php(79): CodeIgniter\CodeIgniter->run()
CRITICAL - 2023-09-09 06:56:36 --> Class 'App\Controllsers\BaseController' not found
in APPPATH/Controllers/PdfController.php on line 4.
 1 SYSTEMPATH/Autoloader/Autoloader.php(306): include_once()
 2 SYSTEMPATH/Autoloader/Autoloader.php(285): CodeIgniter\Autoloader\Autoloader->includeFile()
 3 SYSTEMPATH/Autoloader/Autoloader.php(263): CodeIgniter\Autoloader\Autoloader->loadInNamespace()
 4 [internal function]: CodeIgniter\Autoloader\Autoloader->loadClass()
 5 [internal function]: spl_autoload_call()
 6 SYSTEMPATH/CodeIgniter.php(877): class_exists()
 7 SYSTEMPATH/CodeIgniter.php(481): CodeIgniter\CodeIgniter->startController()
 8 SYSTEMPATH/CodeIgniter.php(353): CodeIgniter\CodeIgniter->handleRequest()
 9 FCPATH/index.php(79): CodeIgniter\CodeIgniter->run()
CRITICAL - 2023-09-09 06:59:29 --> Class 'App\Controllsers\BaseController' not found
in APPPATH/Controllers/PdfController.php on line 4.
 1 SYSTEMPATH/Autoloader/Autoloader.php(306): include_once()
 2 SYSTEMPATH/Autoloader/Autoloader.php(285): CodeIgniter\Autoloader\Autoloader->includeFile()
 3 SYSTEMPATH/Autoloader/Autoloader.php(263): CodeIgniter\Autoloader\Autoloader->loadInNamespace()
 4 [internal function]: CodeIgniter\Autoloader\Autoloader->loadClass()
 5 [internal function]: spl_autoload_call()
 6 SYSTEMPATH/CodeIgniter.php(877): class_exists()
 7 SYSTEMPATH/CodeIgniter.php(481): CodeIgniter\CodeIgniter->startController()
 8 SYSTEMPATH/CodeIgniter.php(353): CodeIgniter\CodeIgniter->handleRequest()
 9 FCPATH/index.php(79): CodeIgniter\CodeIgniter->run()
CRITICAL - 2023-09-09 06:59:34 --> Class 'App\Controllsers\BaseController' not found
in APPPATH/Controllers/PdfController.php on line 4.
 1 SYSTEMPATH/Autoloader/Autoloader.php(306): include_once()
 2 SYSTEMPATH/Autoloader/Autoloader.php(285): CodeIgniter\Autoloader\Autoloader->includeFile()
 3 SYSTEMPATH/Autoloader/Autoloader.php(263): CodeIgniter\Autoloader\Autoloader->loadInNamespace()
 4 [internal function]: CodeIgniter\Autoloader\Autoloader->loadClass()
 5 [internal function]: spl_autoload_call()
 6 SYSTEMPATH/CodeIgniter.php(877): class_exists()
 7 SYSTEMPATH/CodeIgniter.php(481): CodeIgniter\CodeIgniter->startController()
 8 SYSTEMPATH/CodeIgniter.php(353): CodeIgniter\CodeIgniter->handleRequest()
 9 FCPATH/index.php(79): CodeIgniter\CodeIgniter->run()
CRITICAL - 2023-09-09 07:01:33 --> Class 'App\Controllsers\BaseController' not found
in APPPATH/Controllers/PdfController.php on line 4.
 1 SYSTEMPATH/Autoloader/Autoloader.php(306): include_once()
 2 SYSTEMPATH/Autoloader/Autoloader.php(285): CodeIgniter\Autoloader\Autoloader->includeFile()
 3 SYSTEMPATH/Autoloader/Autoloader.php(263): CodeIgniter\Autoloader\Autoloader->loadInNamespace()
 4 [internal function]: CodeIgniter\Autoloader\Autoloader->loadClass()
 5 [internal function]: spl_autoload_call()
 6 SYSTEMPATH/CodeIgniter.php(877): class_exists()
 7 SYSTEMPATH/CodeIgniter.php(481): CodeIgniter\CodeIgniter->startController()
 8 SYSTEMPATH/CodeIgniter.php(353): CodeIgniter\CodeIgniter->handleRequest()
 9 FCPATH/index.php(79): CodeIgniter\CodeIgniter->run()
CRITICAL - 2023-09-09 07:06:11 --> Class 'App\Controllsers\BaseController' not found
in APPPATH/Controllers/PdfController.php on line 4.
 1 SYSTEMPATH/Autoloader/Autoloader.php(306): include_once()
 2 SYSTEMPATH/Autoloader/Autoloader.php(285): CodeIgniter\Autoloader\Autoloader->includeFile()
 3 SYSTEMPATH/Autoloader/Autoloader.php(263): CodeIgniter\Autoloader\Autoloader->loadInNamespace()
 4 [internal function]: CodeIgniter\Autoloader\Autoloader->loadClass()
 5 [internal function]: spl_autoload_call()
 6 SYSTEMPATH/CodeIgniter.php(877): class_exists()
 7 SYSTEMPATH/CodeIgniter.php(481): CodeIgniter\CodeIgniter->startController()
 8 SYSTEMPATH/CodeIgniter.php(353): CodeIgniter\CodeIgniter->handleRequest()
 9 FCPATH/index.php(79): CodeIgniter\CodeIgniter->run()
CRITICAL - 2023-09-09 07:06:11 --> Class 'App\Controllsers\BaseController' not found
in APPPATH/Controllers/PdfController.php on line 4.
 1 SYSTEMPATH/Autoloader/Autoloader.php(306): include_once()
 2 SYSTEMPATH/Autoloader/Autoloader.php(285): CodeIgniter\Autoloader\Autoloader->includeFile()
 3 SYSTEMPATH/Autoloader/Autoloader.php(263): CodeIgniter\Autoloader\Autoloader->loadInNamespace()
 4 [internal function]: CodeIgniter\Autoloader\Autoloader->loadClass()
 5 [internal function]: spl_autoload_call()
 6 SYSTEMPATH/CodeIgniter.php(877): class_exists()
 7 SYSTEMPATH/CodeIgniter.php(481): CodeIgniter\CodeIgniter->startController()
 8 SYSTEMPATH/CodeIgniter.php(353): CodeIgniter\CodeIgniter->handleRequest()
 9 FCPATH/index.php(79): CodeIgniter\CodeIgniter->run()
CRITICAL - 2023-09-09 07:06:11 --> Class 'App\Controllsers\BaseController' not found
in APPPATH/Controllers/PdfController.php on line 4.
 1 SYSTEMPATH/Autoloader/Autoloader.php(306): include_once()
 2 SYSTEMPATH/Autoloader/Autoloader.php(285): CodeIgniter\Autoloader\Autoloader->includeFile()
 3 SYSTEMPATH/Autoloader/Autoloader.php(263): CodeIgniter\Autoloader\Autoloader->loadInNamespace()
 4 [internal function]: CodeIgniter\Autoloader\Autoloader->loadClass()
 5 [internal function]: spl_autoload_call()
 6 SYSTEMPATH/CodeIgniter.php(877): class_exists()
 7 SYSTEMPATH/CodeIgniter.php(481): CodeIgniter\CodeIgniter->startController()
 8 SYSTEMPATH/CodeIgniter.php(353): CodeIgniter\CodeIgniter->handleRequest()
 9 FCPATH/index.php(79): CodeIgniter\CodeIgniter->run()
CRITICAL - 2023-09-09 07:06:12 --> Class 'App\Controllsers\BaseController' not found
in APPPATH/Controllers/PdfController.php on line 4.
 1 SYSTEMPATH/Autoloader/Autoloader.php(306): include_once()
 2 SYSTEMPATH/Autoloader/Autoloader.php(285): CodeIgniter\Autoloader\Autoloader->includeFile()
 3 SYSTEMPATH/Autoloader/Autoloader.php(263): CodeIgniter\Autoloader\Autoloader->loadInNamespace()
 4 [internal function]: CodeIgniter\Autoloader\Autoloader->loadClass()
 5 [internal function]: spl_autoload_call()
 6 SYSTEMPATH/CodeIgniter.php(877): class_exists()
 7 SYSTEMPATH/CodeIgniter.php(481): CodeIgniter\CodeIgniter->startController()
 8 SYSTEMPATH/CodeIgniter.php(353): CodeIgniter\CodeIgniter->handleRequest()
 9 FCPATH/index.php(79): CodeIgniter\CodeIgniter->run()
CRITICAL - 2023-09-09 07:06:12 --> Class 'App\Controllsers\BaseController' not found
in APPPATH/Controllers/PdfController.php on line 4.
 1 SYSTEMPATH/Autoloader/Autoloader.php(306): include_once()
 2 SYSTEMPATH/Autoloader/Autoloader.php(285): CodeIgniter\Autoloader\Autoloader->includeFile()
 3 SYSTEMPATH/Autoloader/Autoloader.php(263): CodeIgniter\Autoloader\Autoloader->loadInNamespace()
 4 [internal function]: CodeIgniter\Autoloader\Autoloader->loadClass()
 5 [internal function]: spl_autoload_call()
 6 SYSTEMPATH/CodeIgniter.php(877): class_exists()
 7 SYSTEMPATH/CodeIgniter.php(481): CodeIgniter\CodeIgniter->startController()
 8 SYSTEMPATH/CodeIgniter.php(353): CodeIgniter\CodeIgniter->handleRequest()
 9 FCPATH/index.php(79): CodeIgniter\CodeIgniter->run()
CRITICAL - 2023-09-09 07:08:18 --> Class 'App\Controllsers\BaseController' not found
in APPPATH/Controllers/PdfController.php on line 4.
 1 SYSTEMPATH/Autoloader/Autoloader.php(306): include_once()
 2 SYSTEMPATH/Autoloader/Autoloader.php(285): CodeIgniter\Autoloader\Autoloader->includeFile()
 3 SYSTEMPATH/Autoloader/Autoloader.php(263): CodeIgniter\Autoloader\Autoloader->loadInNamespace()
 4 [internal function]: CodeIgniter\Autoloader\Autoloader->loadClass()
 5 [internal function]: spl_autoload_call()
 6 SYSTEMPATH/CodeIgniter.php(877): class_exists()
 7 SYSTEMPATH/CodeIgniter.php(481): CodeIgniter\CodeIgniter->startController()
 8 SYSTEMPATH/CodeIgniter.php(353): CodeIgniter\CodeIgniter->handleRequest()
 9 FCPATH/index.php(79): CodeIgniter\CodeIgniter->run()
CRITICAL - 2023-09-09 07:09:26 --> Class 'App\Controllsers\BaseController' not found
in APPPATH/Controllers/PdfController.php on line 4.
 1 SYSTEMPATH/Autoloader/Autoloader.php(306): include_once()
 2 SYSTEMPATH/Autoloader/Autoloader.php(285): CodeIgniter\Autoloader\Autoloader->includeFile()
 3 SYSTEMPATH/Autoloader/Autoloader.php(263): CodeIgniter\Autoloader\Autoloader->loadInNamespace()
 4 [internal function]: CodeIgniter\Autoloader\Autoloader->loadClass()
 5 [internal function]: spl_autoload_call()
 6 SYSTEMPATH/CodeIgniter.php(877): class_exists()
 7 SYSTEMPATH/CodeIgniter.php(481): CodeIgniter\CodeIgniter->startController()
 8 SYSTEMPATH/CodeIgniter.php(353): CodeIgniter\CodeIgniter->handleRequest()
 9 FCPATH/index.php(79): CodeIgniter\CodeIgniter->run()
CRITICAL - 2023-09-09 07:12:24 --> Class 'dompdf\dompdf' not found
in APPPATH/Controllers/PdfController.php on line 8.
 1 SYSTEMPATH/CodeIgniter.php(919): App\Controllers\PdfController->pfdload()
 2 SYSTEMPATH/CodeIgniter.php(494): CodeIgniter\CodeIgniter->runController()
 3 SYSTEMPATH/CodeIgniter.php(353): CodeIgniter\CodeIgniter->handleRequest()
 4 FCPATH/index.php(79): CodeIgniter\CodeIgniter->run()
CRITICAL - 2023-09-09 07:14:56 --> Invalid argument supplied for foreach()
in APPPATH/Views/welcome_message.php on line 52.
 1 APPPATH/Views/welcome_message.php(52): CodeIgniter\Debug\Exceptions->errorHandler()
 2 SYSTEMPATH/View/View.php(226): include('/var/www/html/learnci/app/Views/welcome_message.php')
 3 SYSTEMPATH/View/View.php(229): CodeIgniter\View\View->CodeIgniter\View\{closure}()
 4 SYSTEMPATH/Common.php(1188): CodeIgniter\View\View->render()
 5 APPPATH/Controllers/PdfController.php(9): view()
 6 SYSTEMPATH/CodeIgniter.php(919): App\Controllers\PdfController->pfdload()
 7 SYSTEMPATH/CodeIgniter.php(494): CodeIgniter\CodeIgniter->runController()
 8 SYSTEMPATH/CodeIgniter.php(353): CodeIgniter\CodeIgniter->handleRequest()
 9 FCPATH/index.php(79): CodeIgniter\CodeIgniter->run()
CRITICAL - 2023-09-09 07:15:12 --> Invalid argument supplied for foreach()
in APPPATH/Views/welcome_message.php on line 52.
 1 APPPATH/Views/welcome_message.php(52): CodeIgniter\Debug\Exceptions->errorHandler()
 2 SYSTEMPATH/View/View.php(226): include('/var/www/html/learnci/app/Views/welcome_message.php')
 3 SYSTEMPATH/View/View.php(229): CodeIgniter\View\View->CodeIgniter\View\{closure}()
 4 SYSTEMPATH/Common.php(1188): CodeIgniter\View\View->render()
 5 APPPATH/Controllers/PdfController.php(9): view()
 6 SYSTEMPATH/CodeIgniter.php(919): App\Controllers\PdfController->pfdload()
 7 SYSTEMPATH/CodeIgniter.php(494): CodeIgniter\CodeIgniter->runController()
 8 SYSTEMPATH/CodeIgniter.php(353): CodeIgniter\CodeIgniter->handleRequest()
 9 FCPATH/index.php(79): CodeIgniter\CodeIgniter->run()
CRITICAL - 2023-09-09 07:15:13 --> Invalid argument supplied for foreach()
in APPPATH/Views/welcome_message.php on line 52.
 1 APPPATH/Views/welcome_message.php(52): CodeIgniter\Debug\Exceptions->errorHandler()
 2 SYSTEMPATH/View/View.php(226): include('/var/www/html/learnci/app/Views/welcome_message.php')
 3 SYSTEMPATH/View/View.php(229): CodeIgniter\View\View->CodeIgniter\View\{closure}()
 4 SYSTEMPATH/Common.php(1188): CodeIgniter\View\View->render()
 5 APPPATH/Controllers/PdfController.php(9): view()
 6 SYSTEMPATH/CodeIgniter.php(919): App\Controllers\PdfController->pfdload()
 7 SYSTEMPATH/CodeIgniter.php(494): CodeIgniter\CodeIgniter->runController()
 8 SYSTEMPATH/CodeIgniter.php(353): CodeIgniter\CodeIgniter->handleRequest()
 9 FCPATH/index.php(79): CodeIgniter\CodeIgniter->run()
CRITICAL - 2023-09-09 07:15:13 --> Invalid argument supplied for foreach()
in APPPATH/Views/welcome_message.php on line 52.
 1 APPPATH/Views/welcome_message.php(52): CodeIgniter\Debug\Exceptions->errorHandler()
 2 SYSTEMPATH/View/View.php(226): include('/var/www/html/learnci/app/Views/welcome_message.php')
 3 SYSTEMPATH/View/View.php(229): CodeIgniter\View\View->CodeIgniter\View\{closure}()
 4 SYSTEMPATH/Common.php(1188): CodeIgniter\View\View->render()
 5 APPPATH/Controllers/PdfController.php(9): view()
 6 SYSTEMPATH/CodeIgniter.php(919): App\Controllers\PdfController->pfdload()
 7 SYSTEMPATH/CodeIgniter.php(494): CodeIgniter\CodeIgniter->runController()
 8 SYSTEMPATH/CodeIgniter.php(353): CodeIgniter\CodeIgniter->handleRequest()
 9 FCPATH/index.php(79): CodeIgniter\CodeIgniter->run()
CRITICAL - 2023-09-09 07:15:44 --> Invalid argument supplied for foreach()
in APPPATH/Views/welcome_message.php on line 52.
 1 APPPATH/Views/welcome_message.php(52): CodeIgniter\Debug\Exceptions->errorHandler()
 2 SYSTEMPATH/View/View.php(226): include('/var/www/html/learnci/app/Views/welcome_message.php')
 3 SYSTEMPATH/View/View.php(229): CodeIgniter\View\View->CodeIgniter\View\{closure}()
 4 SYSTEMPATH/Common.php(1188): CodeIgniter\View\View->render()
 5 APPPATH/Controllers/PdfController.php(9): view()
 6 SYSTEMPATH/CodeIgniter.php(919): App\Controllers\PdfController->pfdload()
 7 SYSTEMPATH/CodeIgniter.php(494): CodeIgniter\CodeIgniter->runController()
 8 SYSTEMPATH/CodeIgniter.php(353): CodeIgniter\CodeIgniter->handleRequest()
 9 FCPATH/index.php(79): CodeIgniter\CodeIgniter->run()
CRITICAL - 2023-09-09 07:17:30 --> Invalid argument supplied for foreach()
in APPPATH/Views/welcome_message.php on line 52.
 1 APPPATH/Views/welcome_message.php(52): CodeIgniter\Debug\Exceptions->errorHandler()
 2 SYSTEMPATH/View/View.php(226): include('/var/www/html/learnci/app/Views/welcome_message.php')
 3 SYSTEMPATH/View/View.php(229): CodeIgniter\View\View->CodeIgniter\View\{closure}()
 4 SYSTEMPATH/Common.php(1188): CodeIgniter\View\View->render()
 5 APPPATH/Controllers/PdfController.php(9): view()
 6 SYSTEMPATH/CodeIgniter.php(919): App\Controllers\PdfController->pfdload()
 7 SYSTEMPATH/CodeIgniter.php(494): CodeIgniter\CodeIgniter->runController()
 8 SYSTEMPATH/CodeIgniter.php(353): CodeIgniter\CodeIgniter->handleRequest()
 9 FCPATH/index.php(79): CodeIgniter\CodeIgniter->run()
CRITICAL - 2023-09-09 07:20:33 --> Invalid argument supplied for foreach()
in APPPATH/Views/welcome_message.php on line 52.
 1 APPPATH/Views/welcome_message.php(52): CodeIgniter\Debug\Exceptions->errorHandler()
 2 SYSTEMPATH/View/View.php(226): include('/var/www/html/learnci/app/Views/welcome_message.php')
 3 SYSTEMPATH/View/View.php(229): CodeIgniter\View\View->CodeIgniter\View\{closure}()
 4 SYSTEMPATH/Common.php(1188): CodeIgniter\View\View->render()
 5 APPPATH/Controllers/PdfController.php(9): view()
 6 SYSTEMPATH/CodeIgniter.php(919): App\Controllers\PdfController->pfdload()
 7 SYSTEMPATH/CodeIgniter.php(494): CodeIgniter\CodeIgniter->runController()
 8 SYSTEMPATH/CodeIgniter.php(353): CodeIgniter\CodeIgniter->handleRequest()
 9 FCPATH/index.php(79): CodeIgniter\CodeIgniter->run()
CRITICAL - 2023-09-09 08:06:04 --> Class 'App\Controllers\Options' not found
in APPPATH/Controllers/PdfController.php on line 11.
 1 SYSTEMPATH/CodeIgniter.php(919): App\Controllers\PdfController->pfdload()
 2 SYSTEMPATH/CodeIgniter.php(494): CodeIgniter\CodeIgniter->runController()
 3 SYSTEMPATH/CodeIgniter.php(353): CodeIgniter\CodeIgniter->handleRequest()
 4 FCPATH/index.php(79): CodeIgniter\CodeIgniter->run()
CRITICAL - 2023-09-09 08:34:07 --> Invalid argument supplied for foreach()
in APPPATH/Controllers/PdfController.php on line 25.
 1 APPPATH/Controllers/PdfController.php(25): CodeIgniter\Debug\Exceptions->errorHandler()
 2 SYSTEMPATH/CodeIgniter.php(919): App\Controllers\PdfController->pfdload()
 3 SYSTEMPATH/CodeIgniter.php(494): CodeIgniter\CodeIgniter->runController()
 4 SYSTEMPATH/CodeIgniter.php(353): CodeIgniter\CodeIgniter->handleRequest()
 5 FCPATH/index.php(79): CodeIgniter\CodeIgniter->run()
CRITICAL - 2023-09-09 14:03:34 --> Call to undefined method App\Controllers\Home::getName()
in APPPATH/Controllers/Home.php on line 76.
 1 SYSTEMPATH/CodeIgniter.php(919): App\Controllers\Home->updatedata()
 2 SYSTEMPATH/CodeIgniter.php(494): CodeIgniter\CodeIgniter->runController()
 3 SYSTEMPATH/CodeIgniter.php(353): CodeIgniter\CodeIgniter->handleRequest()
 4 FCPATH/index.php(79): CodeIgniter\CodeIgniter->run()
CRITICAL - 2023-09-09 14:09:43 --> Class 'App\Controllers\usersModle' not found
in APPPATH/Controllers/Home.php on line 72.
 1 SYSTEMPATH/CodeIgniter.php(919): App\Controllers\Home->updatedata()
 2 SYSTEMPATH/CodeIgniter.php(494): CodeIgniter\CodeIgniter->runController()
 3 SYSTEMPATH/CodeIgniter.php(353): CodeIgniter\CodeIgniter->handleRequest()
 4 FCPATH/index.php(79): CodeIgniter\CodeIgniter->run()
CRITICAL - 2023-09-09 14:09:53 --> There is no data to update.
in SYSTEMPATH/BaseModel.php on line 1724.
 1 SYSTEMPATH/BaseModel.php(1724): CodeIgniter\Database\Exceptions\DataException::forEmptyDataset()
 2 SYSTEMPATH/BaseModel.php(916): CodeIgniter\BaseModel->transformDataToArray()
 3 SYSTEMPATH/Model.php(776): CodeIgniter\BaseModel->update()
 4 APPPATH/Controllers/Home.php(90): CodeIgniter\Model->update()
 5 SYSTEMPATH/CodeIgniter.php(919): App\Controllers\Home->updatedata()
 6 SYSTEMPATH/CodeIgniter.php(494): CodeIgniter\CodeIgniter->runController()
 7 SYSTEMPATH/CodeIgniter.php(353): CodeIgniter\CodeIgniter->handleRequest()
 8 FCPATH/index.php(79): CodeIgniter\CodeIgniter->run()
CRITICAL - 2023-09-09 14:10:31 --> There is no data to update.
in SYSTEMPATH/BaseModel.php on line 1724.
 1 SYSTEMPATH/BaseModel.php(1724): CodeIgniter\Database\Exceptions\DataException::forEmptyDataset()
 2 SYSTEMPATH/BaseModel.php(916): CodeIgniter\BaseModel->transformDataToArray()
 3 SYSTEMPATH/Model.php(776): CodeIgniter\BaseModel->update()
 4 APPPATH/Controllers/Home.php(91): CodeIgniter\Model->update()
 5 SYSTEMPATH/CodeIgniter.php(919): App\Controllers\Home->updatedata()
 6 SYSTEMPATH/CodeIgniter.php(494): CodeIgniter\CodeIgniter->runController()
 7 SYSTEMPATH/CodeIgniter.php(353): CodeIgniter\CodeIgniter->handleRequest()
 8 FCPATH/index.php(79): CodeIgniter\CodeIgniter->run()
CRITICAL - 2023-09-09 14:10:55 --> There is no data to update.
in SYSTEMPATH/BaseModel.php on line 1724.
 1 SYSTEMPATH/BaseModel.php(1724): CodeIgniter\Database\Exceptions\DataException::forEmptyDataset()
 2 SYSTEMPATH/BaseModel.php(916): CodeIgniter\BaseModel->transformDataToArray()
 3 SYSTEMPATH/Model.php(776): CodeIgniter\BaseModel->update()
 4 APPPATH/Controllers/Home.php(91): CodeIgniter\Model->update()
 5 SYSTEMPATH/CodeIgniter.php(919): App\Controllers\Home->updatedata()
 6 SYSTEMPATH/CodeIgniter.php(494): CodeIgniter\CodeIgniter->runController()
 7 SYSTEMPATH/CodeIgniter.php(353): CodeIgniter\CodeIgniter->handleRequest()
 8 FCPATH/index.php(79): CodeIgniter\CodeIgniter->run()
CRITICAL - 2023-09-09 14:22:20 --> The original file is not a valid file.
in SYSTEMPATH/HTTP/Files/UploadedFile.php on line 146.
 1 SYSTEMPATH/HTTP/Files/UploadedFile.php(146): CodeIgniter\HTTP\Exceptions\HTTPException::forInvalidFile()
 2 APPPATH/Controllers/Home.php(81): CodeIgniter\HTTP\Files\UploadedFile->move()
 3 SYSTEMPATH/CodeIgniter.php(919): App\Controllers\Home->updatedata()
 4 SYSTEMPATH/CodeIgniter.php(494): CodeIgniter\CodeIgniter->runController()
 5 SYSTEMPATH/CodeIgniter.php(353): CodeIgniter\CodeIgniter->handleRequest()
 6 FCPATH/index.php(79): CodeIgniter\CodeIgniter->run()
CRITICAL - 2023-09-09 14:29:35 --> The original file is not a valid file.
in SYSTEMPATH/HTTP/Files/UploadedFile.php on line 146.
 1 SYSTEMPATH/HTTP/Files/UploadedFile.php(146): CodeIgniter\HTTP\Exceptions\HTTPException::forInvalidFile()
 2 APPPATH/Controllers/Home.php(93): CodeIgniter\HTTP\Files\UploadedFile->move()
 3 SYSTEMPATH/CodeIgniter.php(919): App\Controllers\Home->updatedata()
 4 SYSTEMPATH/CodeIgniter.php(494): CodeIgniter\CodeIgniter->runController()
 5 SYSTEMPATH/CodeIgniter.php(353): CodeIgniter\CodeIgniter->handleRequest()
 6 FCPATH/index.php(79): CodeIgniter\CodeIgniter->run()
CRITICAL - 2023-09-09 15:02:26 --> There is no data to update.
in SYSTEMPATH/BaseModel.php on line 930.
 1 SYSTEMPATH/BaseModel.php(930): CodeIgniter\Database\Exceptions\DataException::forEmptyDataset()
 2 SYSTEMPATH/Model.php(776): CodeIgniter\BaseModel->update()
 3 APPPATH/Controllers/Home.php(130): CodeIgniter\Model->update()
 4 SYSTEMPATH/CodeIgniter.php(919): App\Controllers\Home->remove()
 5 SYSTEMPATH/CodeIgniter.php(494): CodeIgniter\CodeIgniter->runController()
 6 SYSTEMPATH/CodeIgniter.php(353): CodeIgniter\CodeIgniter->handleRequest()
 7 FCPATH/index.php(79): CodeIgniter\CodeIgniter->run()
CRITICAL - 2023-09-09 18:02:08 --> Call to a member function getName() on null
in APPPATH/Controllers/Home.php on line 143.
 1 SYSTEMPATH/CodeIgniter.php(919): App\Controllers\Home->savedataajax()
 2 SYSTEMPATH/CodeIgniter.php(494): CodeIgniter\CodeIgniter->runController()
 3 SYSTEMPATH/CodeIgniter.php(353): CodeIgniter\CodeIgniter->handleRequest()
 4 FCPATH/index.php(79): CodeIgniter\CodeIgniter->run()
CRITICAL - 2023-09-09 18:05:06 --> Call to a member function getName() on null
in APPPATH/Controllers/Home.php on line 144.
 1 SYSTEMPATH/CodeIgniter.php(919): App\Controllers\Home->savedataajax()
 2 SYSTEMPATH/CodeIgniter.php(494): CodeIgniter\CodeIgniter->runController()
 3 SYSTEMPATH/CodeIgniter.php(353): CodeIgniter\CodeIgniter->handleRequest()
 4 FCPATH/index.php(79): CodeIgniter\CodeIgniter->run()
CRITICAL - 2023-09-09 18:05:56 --> Call to a member function getName() on null
in APPPATH/Controllers/Home.php on line 144.
 1 SYSTEMPATH/CodeIgniter.php(919): App\Controllers\Home->savedataajax()
 2 SYSTEMPATH/CodeIgniter.php(494): CodeIgniter\CodeIgniter->runController()
 3 SYSTEMPATH/CodeIgniter.php(353): CodeIgniter\CodeIgniter->handleRequest()
 4 FCPATH/index.php(79): CodeIgniter\CodeIgniter->run()
CRITICAL - 2023-09-09 18:06:41 --> Call to a member function getName() on null
in APPPATH/Controllers/Home.php on line 144.
 1 SYSTEMPATH/CodeIgniter.php(919): App\Controllers\Home->savedataajax()
 2 SYSTEMPATH/CodeIgniter.php(494): CodeIgniter\CodeIgniter->runController()
 3 SYSTEMPATH/CodeIgniter.php(353): CodeIgniter\CodeIgniter->handleRequest()
 4 FCPATH/index.php(79): CodeIgniter\CodeIgniter->run()
CRITICAL - 2023-09-09 18:07:40 --> Call to a member function getName() on null
in APPPATH/Controllers/Home.php on line 144.
 1 SYSTEMPATH/CodeIgniter.php(919): App\Controllers\Home->savedataajax()
 2 SYSTEMPATH/CodeIgniter.php(494): CodeIgniter\CodeIgniter->runController()
 3 SYSTEMPATH/CodeIgniter.php(353): CodeIgniter\CodeIgniter->handleRequest()
 4 FCPATH/index.php(79): CodeIgniter\CodeIgniter->run()
CRITICAL - 2023-09-09 18:08:01 --> Call to a member function getName() on null
in APPPATH/Controllers/Home.php on line 144.
 1 SYSTEMPATH/CodeIgniter.php(919): App\Controllers\Home->savedataajax()
 2 SYSTEMPATH/CodeIgniter.php(494): CodeIgniter\CodeIgniter->runController()
 3 SYSTEMPATH/CodeIgniter.php(353): CodeIgniter\CodeIgniter->handleRequest()
 4 FCPATH/index.php(79): CodeIgniter\CodeIgniter->run()
