CRITICAL - 2023-09-29 06:14:41 --> Invalid file: ".php"
in SYSTEMPATH/Exceptions/FrameworkException.php on line 39.
 1 SYSTEMPATH/View/View.php(214): CodeIgniter\Exceptions\FrameworkException::forInvalidFile()
 2 SYSTEMPATH/View/View.php(467): CodeIgniter\View\View->render()
 3 APPPATH/Views/dashboard.php(1): CodeIgniter\View\View->include()
 4 SYSTEMPATH/View/View.php(226): include('/var/www/html/vegatask/app/Views/dashboard.php')
 5 SYSTEMPATH/View/View.php(229): CodeIgniter\View\View->CodeIgniter\View\{closure}()
 6 SYSTEMPATH/Common.php(1188): CodeIgniter\View\View->render()
 7 APPPATH/Controllers/LoginController.php(17): view()
 8 SYSTEMPATH/CodeIgniter.php(919): App\Controllers\LoginController->userdata()
 9 SYSTEMPATH/CodeIgniter.php(494): CodeIgniter\CodeIgniter->runController()
10 SYSTEMPATH/CodeIgniter.php(353): CodeIgniter\CodeIgniter->handleRequest()
11 FCPATH/index.php(79): CodeIgniter\CodeIgniter->run()
CRITICAL - 2023-09-29 06:28:06 --> Invalid file: "header.php"
in SYSTEMPATH/Exceptions/FrameworkException.php on line 39.
 1 SYSTEMPATH/View/View.php(214): CodeIgniter\Exceptions\FrameworkException::forInvalidFile()
 2 SYSTEMPATH/View/View.php(467): CodeIgniter\View\View->render()
 3 APPPATH/Views/dashboard.php(1): CodeIgniter\View\View->include()
 4 SYSTEMPATH/View/View.php(226): include('/var/www/html/vegatask/app/Views/dashboard.php')
 5 SYSTEMPATH/View/View.php(229): CodeIgniter\View\View->CodeIgniter\View\{closure}()
 6 SYSTEMPATH/Common.php(1188): CodeIgniter\View\View->render()
 7 APPPATH/Controllers/LoginController.php(17): view()
 8 SYSTEMPATH/CodeIgniter.php(919): App\Controllers\LoginController->userdata()
 9 SYSTEMPATH/CodeIgniter.php(494): CodeIgniter\CodeIgniter->runController()
10 SYSTEMPATH/CodeIgniter.php(353): CodeIgniter\CodeIgniter->handleRequest()
11 FCPATH/index.php(79): CodeIgniter\CodeIgniter->run()
CRITICAL - 2023-09-29 06:28:44 --> Invalid file: "header.php"
in SYSTEMPATH/Exceptions/FrameworkException.php on line 39.
 1 SYSTEMPATH/View/View.php(214): CodeIgniter\Exceptions\FrameworkException::forInvalidFile()
 2 SYSTEMPATH/View/View.php(467): CodeIgniter\View\View->render()
 3 APPPATH/Views/dashboard.php(1): CodeIgniter\View\View->include()
 4 SYSTEMPATH/View/View.php(226): include('/var/www/html/vegatask/app/Views/dashboard.php')
 5 SYSTEMPATH/View/View.php(229): CodeIgniter\View\View->CodeIgniter\View\{closure}()
 6 SYSTEMPATH/Common.php(1188): CodeIgniter\View\View->render()
 7 APPPATH/Controllers/LoginController.php(17): view()
 8 SYSTEMPATH/CodeIgniter.php(919): App\Controllers\LoginController->userdata()
 9 SYSTEMPATH/CodeIgniter.php(494): CodeIgniter\CodeIgniter->runController()
10 SYSTEMPATH/CodeIgniter.php(353): CodeIgniter\CodeIgniter->handleRequest()
11 FCPATH/index.php(79): CodeIgniter\CodeIgniter->run()
CRITICAL - 2023-09-29 06:28:46 --> Invalid file: "header.php"
in SYSTEMPATH/Exceptions/FrameworkException.php on line 39.
 1 SYSTEMPATH/View/View.php(214): CodeIgniter\Exceptions\FrameworkException::forInvalidFile()
 2 SYSTEMPATH/View/View.php(467): CodeIgniter\View\View->render()
 3 APPPATH/Views/dashboard.php(1): CodeIgniter\View\View->include()
 4 SYSTEMPATH/View/View.php(226): include('/var/www/html/vegatask/app/Views/dashboard.php')
 5 SYSTEMPATH/View/View.php(229): CodeIgniter\View\View->CodeIgniter\View\{closure}()
 6 SYSTEMPATH/Common.php(1188): CodeIgniter\View\View->render()
 7 APPPATH/Controllers/LoginController.php(17): view()
 8 SYSTEMPATH/CodeIgniter.php(919): App\Controllers\LoginController->userdata()
 9 SYSTEMPATH/CodeIgniter.php(494): CodeIgniter\CodeIgniter->runController()
10 SYSTEMPATH/CodeIgniter.php(353): CodeIgniter\CodeIgniter->handleRequest()
11 FCPATH/index.php(79): CodeIgniter\CodeIgniter->run()
CRITICAL - 2023-09-29 06:28:46 --> Invalid file: "header.php"
in SYSTEMPATH/Exceptions/FrameworkException.php on line 39.
 1 SYSTEMPATH/View/View.php(214): CodeIgniter\Exceptions\FrameworkException::forInvalidFile()
 2 SYSTEMPATH/View/View.php(467): CodeIgniter\View\View->render()
 3 APPPATH/Views/dashboard.php(1): CodeIgniter\View\View->include()
 4 SYSTEMPATH/View/View.php(226): include('/var/www/html/vegatask/app/Views/dashboard.php')
 5 SYSTEMPATH/View/View.php(229): CodeIgniter\View\View->CodeIgniter\View\{closure}()
 6 SYSTEMPATH/Common.php(1188): CodeIgniter\View\View->render()
 7 APPPATH/Controllers/LoginController.php(17): view()
 8 SYSTEMPATH/CodeIgniter.php(919): App\Controllers\LoginController->userdata()
 9 SYSTEMPATH/CodeIgniter.php(494): CodeIgniter\CodeIgniter->runController()
10 SYSTEMPATH/CodeIgniter.php(353): CodeIgniter\CodeIgniter->handleRequest()
11 FCPATH/index.php(79): CodeIgniter\CodeIgniter->run()
CRITICAL - 2023-09-29 06:28:46 --> Invalid file: "header.php"
in SYSTEMPATH/Exceptions/FrameworkException.php on line 39.
 1 SYSTEMPATH/View/View.php(214): CodeIgniter\Exceptions\FrameworkException::forInvalidFile()
 2 SYSTEMPATH/View/View.php(467): CodeIgniter\View\View->render()
 3 APPPATH/Views/dashboard.php(1): CodeIgniter\View\View->include()
 4 SYSTEMPATH/View/View.php(226): include('/var/www/html/vegatask/app/Views/dashboard.php')
 5 SYSTEMPATH/View/View.php(229): CodeIgniter\View\View->CodeIgniter\View\{closure}()
 6 SYSTEMPATH/Common.php(1188): CodeIgniter\View\View->render()
 7 APPPATH/Controllers/LoginController.php(17): view()
 8 SYSTEMPATH/CodeIgniter.php(919): App\Controllers\LoginController->userdata()
 9 SYSTEMPATH/CodeIgniter.php(494): CodeIgniter\CodeIgniter->runController()
10 SYSTEMPATH/CodeIgniter.php(353): CodeIgniter\CodeIgniter->handleRequest()
11 FCPATH/index.php(79): CodeIgniter\CodeIgniter->run()
CRITICAL - 2023-09-29 06:28:46 --> Invalid file: "header.php"
in SYSTEMPATH/Exceptions/FrameworkException.php on line 39.
 1 SYSTEMPATH/View/View.php(214): CodeIgniter\Exceptions\FrameworkException::forInvalidFile()
 2 SYSTEMPATH/View/View.php(467): CodeIgniter\View\View->render()
 3 APPPATH/Views/dashboard.php(1): CodeIgniter\View\View->include()
 4 SYSTEMPATH/View/View.php(226): include('/var/www/html/vegatask/app/Views/dashboard.php')
 5 SYSTEMPATH/View/View.php(229): CodeIgniter\View\View->CodeIgniter\View\{closure}()
 6 SYSTEMPATH/Common.php(1188): CodeIgniter\View\View->render()
 7 APPPATH/Controllers/LoginController.php(17): view()
 8 SYSTEMPATH/CodeIgniter.php(919): App\Controllers\LoginController->userdata()
 9 SYSTEMPATH/CodeIgniter.php(494): CodeIgniter\CodeIgniter->runController()
10 SYSTEMPATH/CodeIgniter.php(353): CodeIgniter\CodeIgniter->handleRequest()
11 FCPATH/index.php(79): CodeIgniter\CodeIgniter->run()
